INFO  [2025-11-25 10:44:15] Initializing ALASCA (v1.0.17, 2024-09-13)
WARN  [2025-11-25 10:44:15] Guessing effects: `day+day:treatment+treatment`
INFO  [2025-11-25 10:44:15] Will use linear mixed models!
INFO  [2025-11-25 10:44:15] Will use Rfast!
WARN  [2025-11-25 10:44:15] Converting IDs to integer values
WARN  [2025-11-25 10:44:15] The `day` column is used for stratification
INFO  [2025-11-25 10:44:16] Scaling data with sdall ...
INFO  [2025-11-25 10:44:16] Calculating LMM coefficients
INFO  [2025-11-25 10:44:16] Reducing the number of dimensions with PCA
INFO  [2025-11-25 10:44:16] Keeping 47 components from initial PCA, explaining 95.02 % of variation. The limit can be changed with `reduce_dimensions.limit`
INFO  [2025-11-25 10:44:16] -> Finished the reduction of dimensions!
WARN  [2025-11-25 10:44:16] Keeping 20 of 47 components. Change `max_PC` if necessary.
INFO  [2025-11-25 10:44:16] Starting validation: bootstrap
INFO  [2025-11-25 10:44:16] - Run 1 of 100
INFO  [2025-11-25 10:44:16] --- Used 0.27 seconds. Est. time remaining: 27.51 seconds
INFO  [2025-11-25 10:44:16] - Run 2 of 100
INFO  [2025-11-25 10:44:17] --- Used 0.69 seconds. Est. time remaining: 47.5 seconds
INFO  [2025-11-25 10:44:17] - Run 3 of 100
INFO  [2025-11-25 10:44:17] --- Used 0.21 seconds. Est. time remaining: 38.31 seconds
INFO  [2025-11-25 10:44:17] - Run 4 of 100
INFO  [2025-11-25 10:44:17] --- Used 0.23 seconds. Est. time remaining: 33.87 seconds
INFO  [2025-11-25 10:44:17] - Run 5 of 100
INFO  [2025-11-25 10:44:18] --- Used 0.5 seconds. Est. time remaining: 36.24 seconds
INFO  [2025-11-25 10:44:18] - Run 6 of 100
INFO  [2025-11-25 10:44:18] --- Used 0.2 seconds. Est. time remaining: 33.04 seconds
INFO  [2025-11-25 10:44:18] - Run 7 of 100
INFO  [2025-11-25 10:44:18] --- Used 0.17 seconds. Est. time remaining: 30.3 seconds
INFO  [2025-11-25 10:44:18] - Run 8 of 100
INFO  [2025-11-25 10:44:18] --- Used 0.24 seconds. Est. time remaining: 28.96 seconds
INFO  [2025-11-25 10:44:18] - Run 9 of 100
INFO  [2025-11-25 10:44:19] --- Used 0.39 seconds. Est. time remaining: 29.42 seconds
INFO  [2025-11-25 10:44:19] - Run 10 of 100
INFO  [2025-11-25 10:44:19] --- Used 0.21 seconds. Est. time remaining: 28.06 seconds
INFO  [2025-11-25 10:44:19] - Run 11 of 100
INFO  [2025-11-25 10:44:19] --- Used 0.16 seconds. Est. time remaining: 26.49 seconds
INFO  [2025-11-25 10:44:19] - Run 12 of 100
INFO  [2025-11-25 10:44:19] --- Used 0.15 seconds. Est. time remaining: 25.08 seconds
INFO  [2025-11-25 10:44:19] - Run 13 of 100
INFO  [2025-11-25 10:44:20] --- Used 0.47 seconds. Est. time remaining: 26.03 seconds
INFO  [2025-11-25 10:44:20] - Run 14 of 100
INFO  [2025-11-25 10:44:20] --- Used 0.19 seconds. Est. time remaining: 25.06 seconds
INFO  [2025-11-25 10:44:20] - Run 15 of 100
INFO  [2025-11-25 10:44:20] --- Used 0.2 seconds. Est. time remaining: 24.26 seconds
INFO  [2025-11-25 10:44:20] - Run 16 of 100
INFO  [2025-11-25 10:44:20] --- Used 0.15 seconds. Est. time remaining: 23.27 seconds
INFO  [2025-11-25 10:44:20] - Run 17 of 100
INFO  [2025-11-25 10:44:21] --- Used 0.47 seconds. Est. time remaining: 23.92 seconds
INFO  [2025-11-25 10:44:21] - Run 18 of 100
INFO  [2025-11-25 10:44:21] --- Used 0.19 seconds. Est. time remaining: 23.2 seconds
INFO  [2025-11-25 10:44:21] - Run 19 of 100
INFO  [2025-11-25 10:44:21] --- Used 0.19 seconds. Est. time remaining: 22.54 seconds
INFO  [2025-11-25 10:44:21] - Run 20 of 100
INFO  [2025-11-25 10:44:21] --- Used 0.17 seconds. Est. time remaining: 21.84 seconds
INFO  [2025-11-25 10:44:21] - Run 21 of 100
INFO  [2025-11-25 10:44:22] --- Used 0.65 seconds. Est. time remaining: 23 seconds
INFO  [2025-11-25 10:44:22] - Run 22 of 100
INFO  [2025-11-25 10:44:22] --- Used 0.24 seconds. Est. time remaining: 22.52 seconds
INFO  [2025-11-25 10:44:22] - Run 23 of 100
INFO  [2025-11-25 10:44:22] --- Used 0.16 seconds. Est. time remaining: 21.81 seconds
INFO  [2025-11-25 10:44:22] - Run 24 of 100
INFO  [2025-11-25 10:44:23] --- Used 0.48 seconds. Est. time remaining: 22.16 seconds
INFO  [2025-11-25 10:44:23] - Run 25 of 100
INFO  [2025-11-25 10:44:23] --- Used 0.18 seconds. Est. time remaining: 21.55 seconds
INFO  [2025-11-25 10:44:23] - Run 26 of 100
INFO  [2025-11-25 10:44:23] --- Used 0.17 seconds. Est. time remaining: 20.94 seconds
INFO  [2025-11-25 10:44:23] - Run 27 of 100
INFO  [2025-11-25 10:44:24] --- Used 0.29 seconds. Est. time remaining: 20.67 seconds
INFO  [2025-11-25 10:44:24] - Run 28 of 100
INFO  [2025-11-25 10:44:24] --- Used 0.48 seconds. Est. time remaining: 20.9 seconds
INFO  [2025-11-25 10:44:24] - Run 29 of 100
INFO  [2025-11-25 10:44:24] --- Used 0.21 seconds. Est. time remaining: 20.41 seconds
INFO  [2025-11-25 10:44:24] - Run 30 of 100
INFO  [2025-11-25 10:44:24] --- Used 0.19 seconds. Est. time remaining: 19.89 seconds
INFO  [2025-11-25 10:44:24] - Run 31 of 100
INFO  [2025-11-25 10:44:25] --- Used 0.44 seconds. Est. time remaining: 19.95 seconds
INFO  [2025-11-25 10:44:25] - Run 32 of 100
INFO  [2025-11-25 10:44:25] --- Used 0.21 seconds. Est. time remaining: 19.49 seconds
INFO  [2025-11-25 10:44:25] - Run 33 of 100
INFO  [2025-11-25 10:44:25] --- Used 0.15 seconds. Est. time remaining: 18.93 seconds
INFO  [2025-11-25 10:44:25] - Run 34 of 100
INFO  [2025-11-25 10:44:26] --- Used 0.56 seconds. Est. time remaining: 19.19 seconds
INFO  [2025-11-25 10:44:26] - Run 35 of 100
INFO  [2025-11-25 10:44:27] --- Used 1.19 seconds. Est. time remaining: 20.57 seconds
INFO  [2025-11-25 10:44:27] - Run 36 of 100
INFO  [2025-11-25 10:44:27] --- Used 0.21 seconds. Est. time remaining: 20.07 seconds
INFO  [2025-11-25 10:44:27] - Run 37 of 100
INFO  [2025-11-25 10:44:28] --- Used 0.51 seconds. Est. time remaining: 20.09 seconds
INFO  [2025-11-25 10:44:28] - Run 38 of 100
INFO  [2025-11-25 10:44:28] --- Used 0.19 seconds. Est. time remaining: 19.57 seconds
INFO  [2025-11-25 10:44:28] - Run 39 of 100
INFO  [2025-11-25 10:44:28] --- Used 0.17 seconds. Est. time remaining: 19.03 seconds
INFO  [2025-11-25 10:44:28] - Run 40 of 100
INFO  [2025-11-25 10:44:28] --- Used 0.16 seconds. Est. time remaining: 18.49 seconds
INFO  [2025-11-25 10:44:28] - Run 41 of 100
INFO  [2025-11-25 10:44:29] --- Used 0.51 seconds. Est. time remaining: 18.48 seconds
INFO  [2025-11-25 10:44:29] - Run 42 of 100
INFO  [2025-11-25 10:44:29] --- Used 0.19 seconds. Est. time remaining: 17.99 seconds
INFO  [2025-11-25 10:44:29] - Run 43 of 100
INFO  [2025-11-25 10:44:29] --- Used 0.19 seconds. Est. time remaining: 17.53 seconds
INFO  [2025-11-25 10:44:29] - Run 44 of 100
INFO  [2025-11-25 10:44:29] --- Used 0.16 seconds. Est. time remaining: 17.03 seconds
INFO  [2025-11-25 10:44:29] - Run 45 of 100
INFO  [2025-11-25 10:44:30] --- Used 0.48 seconds. Est. time remaining: 16.94 seconds
INFO  [2025-11-25 10:44:30] - Run 46 of 100
INFO  [2025-11-25 10:44:30] --- Used 0.2 seconds. Est. time remaining: 16.51 seconds
INFO  [2025-11-25 10:44:30] - Run 47 of 100
INFO  [2025-11-25 10:44:30] --- Used 0.17 seconds. Est. time remaining: 16.06 seconds
INFO  [2025-11-25 10:44:30] - Run 48 of 100
INFO  [2025-11-25 10:44:30] --- Used 0.17 seconds. Est. time remaining: 15.61 seconds
INFO  [2025-11-25 10:44:30] - Run 49 of 100
INFO  [2025-11-25 10:44:31] --- Used 0.49 seconds. Est. time remaining: 15.51 seconds
INFO  [2025-11-25 10:44:31] - Run 50 of 100
INFO  [2025-11-25 10:44:31] --- Used 0.18 seconds. Est. time remaining: 15.08 seconds
INFO  [2025-11-25 10:44:31] - Run 51 of 100
INFO  [2025-11-25 10:44:31] --- Used 0.17 seconds. Est. time remaining: 14.65 seconds
INFO  [2025-11-25 10:44:31] - Run 52 of 100
INFO  [2025-11-25 10:44:31] --- Used 0.17 seconds. Est. time remaining: 14.24 seconds
INFO  [2025-11-25 10:44:31] - Run 53 of 100
INFO  [2025-11-25 10:44:32] --- Used 0.48 seconds. Est. time remaining: 13.88 seconds
INFO  [2025-11-25 10:44:32] - Run 54 of 100
INFO  [2025-11-25 10:44:32] --- Used 0.15 seconds. Est. time remaining: 13.68 seconds
INFO  [2025-11-25 10:44:32] - Run 55 of 100
INFO  [2025-11-25 10:44:32] --- Used 0.19 seconds. Est. time remaining: 13.3 seconds
INFO  [2025-11-25 10:44:32] - Run 56 of 100
INFO  [2025-11-25 10:44:32] --- Used 0.16 seconds. Est. time remaining: 12.9 seconds
INFO  [2025-11-25 10:44:32] - Run 57 of 100
INFO  [2025-11-25 10:44:32] --- Used 0.14 seconds. Est. time remaining: 12.49 seconds
INFO  [2025-11-25 10:44:32] - Run 58 of 100
INFO  [2025-11-25 10:44:33] --- Used 0.53 seconds. Est. time remaining: 12.38 seconds
INFO  [2025-11-25 10:44:33] - Run 59 of 100
INFO  [2025-11-25 10:44:33] --- Used 0.17 seconds. Est. time remaining: 12 seconds
INFO  [2025-11-25 10:44:33] - Run 60 of 100
INFO  [2025-11-25 10:44:33] --- Used 0.17 seconds. Est. time remaining: 11.62 seconds
INFO  [2025-11-25 10:44:33] - Run 61 of 100
INFO  [2025-11-25 10:44:34] --- Used 0.63 seconds. Est. time remaining: 11.55 seconds
INFO  [2025-11-25 10:44:34] - Run 62 of 100
INFO  [2025-11-25 10:44:34] --- Used 0.2 seconds. Est. time remaining: 11.19 seconds
INFO  [2025-11-25 10:44:34] - Run 63 of 100
INFO  [2025-11-25 10:44:34] --- Used 0.25 seconds. Est. time remaining: 10.87 seconds
INFO  [2025-11-25 10:44:34] - Run 64 of 100
INFO  [2025-11-25 10:44:35] --- Used 0.22 seconds. Est. time remaining: 10.54 seconds
INFO  [2025-11-25 10:44:35] - Run 65 of 100
INFO  [2025-11-25 10:44:35] --- Used 0.42 seconds. Est. time remaining: 10.31 seconds
INFO  [2025-11-25 10:44:35] - Run 66 of 100
INFO  [2025-11-25 10:44:35] --- Used 0.2 seconds. Est. time remaining: 9.96 seconds
INFO  [2025-11-25 10:44:35] - Run 67 of 100
INFO  [2025-11-25 10:44:36] --- Used 0.48 seconds. Est. time remaining: 9.77 seconds
INFO  [2025-11-25 10:44:36] - Run 68 of 100
INFO  [2025-11-25 10:44:36] --- Used 0.15 seconds. Est. time remaining: 9.4 seconds
INFO  [2025-11-25 10:44:36] - Run 69 of 100
INFO  [2025-11-25 10:44:36] --- Used 0.17 seconds. Est. time remaining: 9.05 seconds
INFO  [2025-11-25 10:44:36] - Run 70 of 100
INFO  [2025-11-25 10:44:36] --- Used 0.15 seconds. Est. time remaining: 8.7 seconds
INFO  [2025-11-25 10:44:36] - Run 71 of 100
INFO  [2025-11-25 10:44:36] --- Used 0.24 seconds. Est. time remaining: 8.39 seconds
INFO  [2025-11-25 10:44:36] - Run 72 of 100
INFO  [2025-11-25 10:44:37] --- Used 0.44 seconds. Est. time remaining: 8.16 seconds
INFO  [2025-11-25 10:44:37] - Run 73 of 100
INFO  [2025-11-25 10:44:37] --- Used 0.17 seconds. Est. time remaining: 7.83 seconds
INFO  [2025-11-25 10:44:37] - Run 74 of 100
INFO  [2025-11-25 10:44:37] --- Used 0.17 seconds. Est. time remaining: 7.5 seconds
INFO  [2025-11-25 10:44:37] - Run 75 of 100
INFO  [2025-11-25 10:44:38] --- Used 0.47 seconds. Est. time remaining: 7.27 seconds
INFO  [2025-11-25 10:44:38] - Run 76 of 100
INFO  [2025-11-25 10:44:38] --- Used 0.16 seconds. Est. time remaining: 6.94 seconds
INFO  [2025-11-25 10:44:38] - Run 77 of 100
INFO  [2025-11-25 10:44:38] --- Used 0.19 seconds. Est. time remaining: 6.62 seconds
INFO  [2025-11-25 10:44:38] - Run 78 of 100
INFO  [2025-11-25 10:44:38] --- Used 0.16 seconds. Est. time remaining: 6.3 seconds
INFO  [2025-11-25 10:44:38] - Run 79 of 100
INFO  [2025-11-25 10:44:38] --- Used 0.23 seconds. Est. time remaining: 6 seconds
INFO  [2025-11-25 10:44:38] - Run 80 of 100
INFO  [2025-11-25 10:44:39] --- Used 0.43 seconds. Est. time remaining: 5.75 seconds
INFO  [2025-11-25 10:44:39] - Run 81 of 100
INFO  [2025-11-25 10:44:39] --- Used 0.19 seconds. Est. time remaining: 5.44 seconds
INFO  [2025-11-25 10:44:39] - Run 82 of 100
INFO  [2025-11-25 10:44:39] --- Used 0.3 seconds. Est. time remaining: 5.15 seconds
INFO  [2025-11-25 10:44:39] - Run 83 of 100
INFO  [2025-11-25 10:44:40] --- Used 0.51 seconds. Est. time remaining: 4.91 seconds
INFO  [2025-11-25 10:44:40] - Run 84 of 100
INFO  [2025-11-25 10:44:40] --- Used 0.21 seconds. Est. time remaining: 4.61 seconds
INFO  [2025-11-25 10:44:40] - Run 85 of 100
INFO  [2025-11-25 10:44:40] --- Used 0.16 seconds. Est. time remaining: 4.3 seconds
INFO  [2025-11-25 10:44:40] - Run 86 of 100
INFO  [2025-11-25 10:44:40] --- Used 0.18 seconds. Est. time remaining: 4 seconds
INFO  [2025-11-25 10:44:40] - Run 87 of 100
INFO  [2025-11-25 10:44:41] --- Used 0.48 seconds. Est. time remaining: 3.74 seconds
INFO  [2025-11-25 10:44:41] - Run 88 of 100
INFO  [2025-11-25 10:44:41] --- Used 0.18 seconds. Est. time remaining: 3.44 seconds
INFO  [2025-11-25 10:44:41] - Run 89 of 100
INFO  [2025-11-25 10:44:41] --- Used 0.17 seconds. Est. time remaining: 3.14 seconds
INFO  [2025-11-25 10:44:41] - Run 90 of 100
INFO  [2025-11-25 10:44:41] --- Used 0.17 seconds. Est. time remaining: 2.84 seconds
INFO  [2025-11-25 10:44:41] - Run 91 of 100
INFO  [2025-11-25 10:44:42] --- Used 0.49 seconds. Est. time remaining: 2.57 seconds
INFO  [2025-11-25 10:44:42] - Run 92 of 100
INFO  [2025-11-25 10:44:42] --- Used 0.17 seconds. Est. time remaining: 2.28 seconds
INFO  [2025-11-25 10:44:42] - Run 93 of 100
INFO  [2025-11-25 10:44:42] --- Used 0.18 seconds. Est. time remaining: 1.99 seconds
INFO  [2025-11-25 10:44:42] - Run 94 of 100
INFO  [2025-11-25 10:44:42] --- Used 0.16 seconds. Est. time remaining: 1.69 seconds
INFO  [2025-11-25 10:44:42] - Run 95 of 100
INFO  [2025-11-25 10:44:43] --- Used 0.49 seconds. Est. time remaining: 1.42 seconds
INFO  [2025-11-25 10:44:43] - Run 96 of 100
INFO  [2025-11-25 10:44:43] --- Used 0.2 seconds. Est. time remaining: 1.13 seconds
INFO  [2025-11-25 10:44:43] - Run 97 of 100
INFO  [2025-11-25 10:44:43] --- Used 0.19 seconds. Est. time remaining: 0.85 seconds
INFO  [2025-11-25 10:44:43] - Run 98 of 100
INFO  [2025-11-25 10:44:43] --- Used 0.16 seconds. Est. time remaining: 0.56 seconds
INFO  [2025-11-25 10:44:43] - Run 99 of 100
INFO  [2025-11-25 10:44:44] --- Used 0.53 seconds. Est. time remaining: 0.28 seconds
INFO  [2025-11-25 10:44:44] - Run 100 of 100
INFO  [2025-11-25 10:44:44] --- Used 0.2 seconds. Est. time remaining: 0 seconds
INFO  [2025-11-25 10:44:44] Calculating percentiles for score and loading
INFO  [2025-11-25 10:44:46] ==== ALASCA has finished ====
INFO  [2025-11-25 10:44:46] To visualize the model, try `plot(<object>, effect = 1, component = 1, type = 'effect')`
INFO  [2025-11-25 10:44:46] Scree plot. Selected effect (nr 1): `day+day:treatment+treatment`. Component: 1 and 2 and 3 and 4 and 5 and 6 and 7 and 8 and 9 and 10.
INFO  [2025-11-25 10:44:50] Scree plot. Selected effect (nr 1): `day+day:treatment+treatment`. Component: 1 and 2 and 3 and 4 and 5 and 6 and 7 and 8 and 9 and 10.
INFO  [2025-11-25 10:44:59] Scree plot. Selected effect (nr 1): `day+day:treatment+treatment`. Component: 1 and 2 and 3 and 4 and 5 and 6 and 7 and 8 and 9 and 10.
INFO  [2025-11-25 10:45:02] Scree plot. Selected effect (nr 1): `day+day:treatment+treatment`. Component: 1 and 2 and 3 and 4 and 5 and 6 and 7 and 8 and 9 and 10.
INFO  [2025-11-25 10:59:36] Effect plot. Selected effect (nr 1): `day+day:treatment+treatment`. Component: 1.
WARN  [2025-11-25 10:59:36] Showing 10 of 686 variables. Adjust the number with `n_limit`
INFO  [2025-11-25 10:59:52] Effect plot. Selected effect (nr 1): `day+day:treatment+treatment`. Component: 1.
WARN  [2025-11-25 10:59:53] Showing 20 of 686 variables. Adjust the number with `n_limit`
INFO  [2025-11-25 11:00:17] Effect plot. Selected effect (nr 1): `day+day:treatment+treatment`. Component: 1.
WARN  [2025-11-25 11:00:17] Showing 20 of 686 variables. Adjust the number with `n_limit`
INFO  [2025-11-25 11:01:09] Effect plot. Selected effect (nr 1): `day+day:treatment+treatment`. Component: 1.
WARN  [2025-11-25 11:01:09] Showing 20 of 686 variables. Adjust the number with `n_limit`
