INFO  [2025-12-09 10:08:47] Initializing ALASCA (v1.0.17, 2024-09-13)
WARN  [2025-12-09 10:08:47] Guessing effects: `timepoint+timepoint:treatment+treatment`
INFO  [2025-12-09 10:08:47] Will use linear mixed models!
INFO  [2025-12-09 10:08:47] Will use Rfast!
WARN  [2025-12-09 10:08:47] Converting IDs to integer values
WARN  [2025-12-09 10:08:47] The `timepoint` column is used for stratification
INFO  [2025-12-09 10:08:47] Scaling data with sdall ...
INFO  [2025-12-09 10:08:47] Calculating LMM coefficients
INFO  [2025-12-09 10:08:47] Reducing the number of dimensions with PCA
INFO  [2025-12-09 10:08:47] Keeping 41 components from initial PCA, explaining 95.07 % of variation. The limit can be changed with `reduce_dimensions.limit`
INFO  [2025-12-09 10:08:47] -> Finished the reduction of dimensions!
WARN  [2025-12-09 10:08:47] Keeping 20 of 41 components. Change `max_PC` if necessary.
INFO  [2025-12-09 10:08:47] Starting validation: bootstrap
INFO  [2025-12-09 10:08:47] - Run 1 of 100
INFO  [2025-12-09 10:08:47] --- Used 0.13 seconds. Est. time remaining: 13.66 seconds
INFO  [2025-12-09 10:08:47] - Run 2 of 100
INFO  [2025-12-09 10:08:47] --- Used 0.15 seconds. Est. time remaining: 14.3 seconds
INFO  [2025-12-09 10:08:47] - Run 3 of 100
INFO  [2025-12-09 10:08:47] --- Used 0.12 seconds. Est. time remaining: 13.33 seconds
INFO  [2025-12-09 10:08:47] - Run 4 of 100
INFO  [2025-12-09 10:08:48] --- Used 0.27 seconds. Est. time remaining: 16.37 seconds
INFO  [2025-12-09 10:08:48] - Run 5 of 100
INFO  [2025-12-09 10:08:48] --- Used 0.09 seconds. Est. time remaining: 14.69 seconds
INFO  [2025-12-09 10:08:48] - Run 6 of 100
INFO  [2025-12-09 10:08:48] --- Used 0.11 seconds. Est. time remaining: 13.8 seconds
INFO  [2025-12-09 10:08:48] - Run 7 of 100
INFO  [2025-12-09 10:08:48] --- Used 0.5 seconds. Est. time remaining: 18.33 seconds
INFO  [2025-12-09 10:08:48] - Run 8 of 100
INFO  [2025-12-09 10:08:48] --- Used 0.12 seconds. Est. time remaining: 17.24 seconds
INFO  [2025-12-09 10:08:48] - Run 9 of 100
INFO  [2025-12-09 10:08:49] --- Used 0.13 seconds. Est. time remaining: 16.5 seconds
INFO  [2025-12-09 10:08:49] - Run 10 of 100
INFO  [2025-12-09 10:08:49] --- Used 0.09 seconds. Est. time remaining: 15.55 seconds
INFO  [2025-12-09 10:08:49] - Run 11 of 100
INFO  [2025-12-09 10:08:49] --- Used 0.1 seconds. Est. time remaining: 14.75 seconds
INFO  [2025-12-09 10:08:49] - Run 12 of 100
INFO  [2025-12-09 10:08:49] --- Used 0.42 seconds. Est. time remaining: 16.45 seconds
INFO  [2025-12-09 10:08:49] - Run 13 of 100
INFO  [2025-12-09 10:08:49] --- Used 0.13 seconds. Est. time remaining: 15.91 seconds
INFO  [2025-12-09 10:08:49] - Run 14 of 100
INFO  [2025-12-09 10:08:49] --- Used 0.11 seconds. Est. time remaining: 15.25 seconds
INFO  [2025-12-09 10:08:49] - Run 15 of 100
INFO  [2025-12-09 10:08:50] --- Used 0.13 seconds. Est. time remaining: 14.8 seconds
INFO  [2025-12-09 10:08:50] - Run 16 of 100
INFO  [2025-12-09 10:08:50] --- Used 0.09 seconds. Est. time remaining: 14.2 seconds
INFO  [2025-12-09 10:08:50] - Run 17 of 100
INFO  [2025-12-09 10:08:50] --- Used 0.09 seconds. Est. time remaining: 13.65 seconds
INFO  [2025-12-09 10:08:50] - Run 18 of 100
INFO  [2025-12-09 10:08:50] --- Used 0.1 seconds. Est. time remaining: 13.2 seconds
INFO  [2025-12-09 10:08:50] - Run 19 of 100
INFO  [2025-12-09 10:08:50] --- Used 0.35 seconds. Est. time remaining: 13.84 seconds
INFO  [2025-12-09 10:08:50] - Run 20 of 100
INFO  [2025-12-09 10:08:50] --- Used 0.11 seconds. Est. time remaining: 13.41 seconds
INFO  [2025-12-09 10:08:50] - Run 21 of 100
INFO  [2025-12-09 10:08:50] --- Used 0.12 seconds. Est. time remaining: 13.08 seconds
INFO  [2025-12-09 10:08:50] - Run 22 of 100
INFO  [2025-12-09 10:08:51] --- Used 0.09 seconds. Est. time remaining: 12.65 seconds
INFO  [2025-12-09 10:08:51] - Run 23 of 100
INFO  [2025-12-09 10:08:51] --- Used 0.14 seconds. Est. time remaining: 12.41 seconds
INFO  [2025-12-09 10:08:51] - Run 24 of 100
INFO  [2025-12-09 10:08:51] --- Used 0.1 seconds. Est. time remaining: 12.05 seconds
INFO  [2025-12-09 10:08:51] - Run 25 of 100
INFO  [2025-12-09 10:08:51] --- Used 0.47 seconds. Est. time remaining: 12.82 seconds
INFO  [2025-12-09 10:08:51] - Run 26 of 100
INFO  [2025-12-09 10:08:51] --- Used 0.1 seconds. Est. time remaining: 12.46 seconds
INFO  [2025-12-09 10:08:51] - Run 27 of 100
INFO  [2025-12-09 10:08:51] --- Used 0.14 seconds. Est. time remaining: 12.21 seconds
INFO  [2025-12-09 10:08:51] - Run 28 of 100
INFO  [2025-12-09 10:08:52] --- Used 0.12 seconds. Est. time remaining: 11.93 seconds
INFO  [2025-12-09 10:08:52] - Run 29 of 100
INFO  [2025-12-09 10:08:52] --- Used 0.11 seconds. Est. time remaining: 11.63 seconds
INFO  [2025-12-09 10:08:52] - Run 30 of 100
INFO  [2025-12-09 10:08:52] --- Used 0.09 seconds. Est. time remaining: 11.3 seconds
INFO  [2025-12-09 10:08:52] - Run 31 of 100
INFO  [2025-12-09 10:08:52] --- Used 0.09 seconds. Est. time remaining: 10.98 seconds
INFO  [2025-12-09 10:08:52] - Run 32 of 100
INFO  [2025-12-09 10:08:53] --- Used 0.96 seconds. Est. time remaining: 12.53 seconds
INFO  [2025-12-09 10:08:53] - Run 33 of 100
INFO  [2025-12-09 10:08:53] --- Used 0.16 seconds. Est. time remaining: 12.31 seconds
INFO  [2025-12-09 10:08:53] - Run 34 of 100
INFO  [2025-12-09 10:08:53] --- Used 0.36 seconds. Est. time remaining: 12.47 seconds
INFO  [2025-12-09 10:08:53] - Run 35 of 100
INFO  [2025-12-09 10:08:53] --- Used 0.11 seconds. Est. time remaining: 12.13 seconds
INFO  [2025-12-09 10:08:53] - Run 36 of 100
INFO  [2025-12-09 10:08:54] --- Used 0.12 seconds. Est. time remaining: 11.82 seconds
INFO  [2025-12-09 10:08:54] - Run 37 of 100
INFO  [2025-12-09 10:08:54] --- Used 0.09 seconds. Est. time remaining: 11.48 seconds
INFO  [2025-12-09 10:08:54] - Run 38 of 100
INFO  [2025-12-09 10:08:54] --- Used 0.09 seconds. Est. time remaining: 11.14 seconds
INFO  [2025-12-09 10:08:54] - Run 39 of 100
INFO  [2025-12-09 10:08:54] --- Used 0.11 seconds. Est. time remaining: 10.84 seconds
INFO  [2025-12-09 10:08:54] - Run 40 of 100
INFO  [2025-12-09 10:08:54] --- Used 0.17 seconds. Est. time remaining: 10.65 seconds
INFO  [2025-12-09 10:08:54] - Run 41 of 100
INFO  [2025-12-09 10:08:54] --- Used 0.38 seconds. Est. time remaining: 10.76 seconds
INFO  [2025-12-09 10:08:54] - Run 42 of 100
INFO  [2025-12-09 10:08:55] --- Used 0.16 seconds. Est. time remaining: 10.54 seconds
INFO  [2025-12-09 10:08:55] - Run 43 of 100
INFO  [2025-12-09 10:08:55] --- Used 0.12 seconds. Est. time remaining: 10.28 seconds
INFO  [2025-12-09 10:08:55] - Run 44 of 100
INFO  [2025-12-09 10:08:55] --- Used 0.1 seconds. Est. time remaining: 9.99 seconds
INFO  [2025-12-09 10:08:55] - Run 45 of 100
INFO  [2025-12-09 10:08:55] --- Used 0.13 seconds. Est. time remaining: 9.76 seconds
INFO  [2025-12-09 10:08:55] - Run 46 of 100
INFO  [2025-12-09 10:08:55] --- Used 0.49 seconds. Est. time remaining: 9.95 seconds
INFO  [2025-12-09 10:08:55] - Run 47 of 100
INFO  [2025-12-09 10:08:56] --- Used 0.17 seconds. Est. time remaining: 9.74 seconds
INFO  [2025-12-09 10:08:56] - Run 48 of 100
INFO  [2025-12-09 10:08:56] --- Used 0.13 seconds. Est. time remaining: 9.5 seconds
INFO  [2025-12-09 10:08:56] - Run 49 of 100
INFO  [2025-12-09 10:08:56] --- Used 0.53 seconds. Est. time remaining: 9.68 seconds
INFO  [2025-12-09 10:08:56] - Run 50 of 100
INFO  [2025-12-09 10:08:56] --- Used 0.1 seconds. Est. time remaining: 9.4 seconds
INFO  [2025-12-09 10:08:56] - Run 51 of 100
INFO  [2025-12-09 10:08:56] --- Used 0.11 seconds. Est. time remaining: 9.13 seconds
INFO  [2025-12-09 10:08:56] - Run 52 of 100
INFO  [2025-12-09 10:08:57] --- Used 0.13 seconds. Est. time remaining: 8.89 seconds
INFO  [2025-12-09 10:08:57] - Run 53 of 100
INFO  [2025-12-09 10:08:57] --- Used 0.09 seconds. Est. time remaining: 8.62 seconds
INFO  [2025-12-09 10:08:57] - Run 54 of 100
INFO  [2025-12-09 10:08:57] --- Used 0.09 seconds. Est. time remaining: 8.36 seconds
INFO  [2025-12-09 10:08:57] - Run 55 of 100
INFO  [2025-12-09 10:08:57] --- Used 0.39 seconds. Est. time remaining: 8.35 seconds
INFO  [2025-12-09 10:08:57] - Run 56 of 100
INFO  [2025-12-09 10:08:57] --- Used 0.15 seconds. Est. time remaining: 8.14 seconds
INFO  [2025-12-09 10:08:57] - Run 57 of 100
INFO  [2025-12-09 10:08:57] --- Used 0.09 seconds. Est. time remaining: 7.88 seconds
INFO  [2025-12-09 10:08:57] - Run 58 of 100
INFO  [2025-12-09 10:08:57] --- Used 0.1 seconds. Est. time remaining: 7.64 seconds
INFO  [2025-12-09 10:08:57] - Run 59 of 100
INFO  [2025-12-09 10:08:58] --- Used 0.1 seconds. Est. time remaining: 7.4 seconds
INFO  [2025-12-09 10:08:58] - Run 60 of 100
INFO  [2025-12-09 10:08:58] --- Used 0.08 seconds. Est. time remaining: 7.16 seconds
INFO  [2025-12-09 10:08:58] - Run 61 of 100
INFO  [2025-12-09 10:08:58] --- Used 0.08 seconds. Est. time remaining: 6.92 seconds
INFO  [2025-12-09 10:08:58] - Run 62 of 100
INFO  [2025-12-09 10:08:58] --- Used 0.44 seconds. Est. time remaining: 6.9 seconds
INFO  [2025-12-09 10:08:58] - Run 63 of 100
INFO  [2025-12-09 10:08:58] --- Used 0.1 seconds. Est. time remaining: 6.67 seconds
INFO  [2025-12-09 10:08:58] - Run 64 of 100
INFO  [2025-12-09 10:08:58] --- Used 0.1 seconds. Est. time remaining: 6.44 seconds
INFO  [2025-12-09 10:08:58] - Run 65 of 100
INFO  [2025-12-09 10:08:58] --- Used 0.11 seconds. Est. time remaining: 6.22 seconds
INFO  [2025-12-09 10:08:58] - Run 66 of 100
INFO  [2025-12-09 10:08:59] --- Used 0.11 seconds. Est. time remaining: 6.01 seconds
INFO  [2025-12-09 10:08:59] - Run 67 of 100
INFO  [2025-12-09 10:08:59] --- Used 0.11 seconds. Est. time remaining: 5.81 seconds
INFO  [2025-12-09 10:08:59] - Run 68 of 100
INFO  [2025-12-09 10:08:59] --- Used 0.39 seconds. Est. time remaining: 5.73 seconds
INFO  [2025-12-09 10:08:59] - Run 69 of 100
INFO  [2025-12-09 10:08:59] --- Used 0.13 seconds. Est. time remaining: 5.53 seconds
INFO  [2025-12-09 10:08:59] - Run 70 of 100
INFO  [2025-12-09 10:08:59] --- Used 0.1 seconds. Est. time remaining: 5.32 seconds
INFO  [2025-12-09 10:08:59] - Run 71 of 100
INFO  [2025-12-09 10:08:59] --- Used 0.1 seconds. Est. time remaining: 5.11 seconds
INFO  [2025-12-09 10:08:59] - Run 72 of 100
INFO  [2025-12-09 10:09:00] --- Used 0.12 seconds. Est. time remaining: 4.91 seconds
INFO  [2025-12-09 10:09:00] - Run 73 of 100
INFO  [2025-12-09 10:09:00] --- Used 0.09 seconds. Est. time remaining: 4.7 seconds
INFO  [2025-12-09 10:09:00] - Run 74 of 100
INFO  [2025-12-09 10:09:00] --- Used 0.08 seconds. Est. time remaining: 4.49 seconds
INFO  [2025-12-09 10:09:00] - Run 75 of 100
INFO  [2025-12-09 10:09:00] --- Used 0.14 seconds. Est. time remaining: 4.31 seconds
INFO  [2025-12-09 10:09:00] - Run 76 of 100
INFO  [2025-12-09 10:09:00] --- Used 0.34 seconds. Est. time remaining: 4.19 seconds
INFO  [2025-12-09 10:09:00] - Run 77 of 100
INFO  [2025-12-09 10:09:00] --- Used 0.09 seconds. Est. time remaining: 3.99 seconds
INFO  [2025-12-09 10:09:00] - Run 78 of 100
INFO  [2025-12-09 10:09:00] --- Used 0.14 seconds. Est. time remaining: 3.81 seconds
INFO  [2025-12-09 10:09:00] - Run 79 of 100
INFO  [2025-12-09 10:09:01] --- Used 0.11 seconds. Est. time remaining: 3.62 seconds
INFO  [2025-12-09 10:09:01] - Run 80 of 100
INFO  [2025-12-09 10:09:01] --- Used 0.09 seconds. Est. time remaining: 3.43 seconds
INFO  [2025-12-09 10:09:01] - Run 81 of 100
INFO  [2025-12-09 10:09:01] --- Used 0.09 seconds. Est. time remaining: 3.24 seconds
INFO  [2025-12-09 10:09:01] - Run 82 of 100
INFO  [2025-12-09 10:09:01] --- Used 0.15 seconds. Est. time remaining: 3.06 seconds
INFO  [2025-12-09 10:09:01] - Run 83 of 100
INFO  [2025-12-09 10:09:01] --- Used 0.31 seconds. Est. time remaining: 2.92 seconds
INFO  [2025-12-09 10:09:01] - Run 84 of 100
INFO  [2025-12-09 10:09:01] --- Used 0.1 seconds. Est. time remaining: 2.73 seconds
INFO  [2025-12-09 10:09:01] - Run 85 of 100
INFO  [2025-12-09 10:09:01] --- Used 0.11 seconds. Est. time remaining: 2.55 seconds
INFO  [2025-12-09 10:09:01] - Run 86 of 100
INFO  [2025-12-09 10:09:01] --- Used 0.08 seconds. Est. time remaining: 2.37 seconds
INFO  [2025-12-09 10:09:01] - Run 87 of 100
INFO  [2025-12-09 10:09:02] --- Used 0.09 seconds. Est. time remaining: 2.19 seconds
INFO  [2025-12-09 10:09:02] - Run 88 of 100
INFO  [2025-12-09 10:09:02] --- Used 0.12 seconds. Est. time remaining: 2.01 seconds
INFO  [2025-12-09 10:09:02] - Run 89 of 100
INFO  [2025-12-09 10:09:02] --- Used 0.11 seconds. Est. time remaining: 1.84 seconds
INFO  [2025-12-09 10:09:02] - Run 90 of 100
INFO  [2025-12-09 10:09:02] --- Used 0.35 seconds. Est. time remaining: 1.69 seconds
INFO  [2025-12-09 10:09:02] - Run 91 of 100
INFO  [2025-12-09 10:09:02] --- Used 0.1 seconds. Est. time remaining: 1.52 seconds
INFO  [2025-12-09 10:09:02] - Run 92 of 100
INFO  [2025-12-09 10:09:02] --- Used 0.12 seconds. Est. time remaining: 1.34 seconds
INFO  [2025-12-09 10:09:02] - Run 93 of 100
INFO  [2025-12-09 10:09:02] --- Used 0.09 seconds. Est. time remaining: 1.17 seconds
INFO  [2025-12-09 10:09:02] - Run 94 of 100
INFO  [2025-12-09 10:09:03] --- Used 0.11 seconds. Est. time remaining: 1 seconds
INFO  [2025-12-09 10:09:03] - Run 95 of 100
INFO  [2025-12-09 10:09:03] --- Used 0.11 seconds. Est. time remaining: 0.83 seconds
INFO  [2025-12-09 10:09:03] - Run 96 of 100
INFO  [2025-12-09 10:09:03] --- Used 0.09 seconds. Est. time remaining: 0.66 seconds
INFO  [2025-12-09 10:09:03] - Run 97 of 100
INFO  [2025-12-09 10:09:03] --- Used 0.13 seconds. Est. time remaining: 0.49 seconds
INFO  [2025-12-09 10:09:03] - Run 98 of 100
INFO  [2025-12-09 10:09:03] --- Used 0.33 seconds. Est. time remaining: 0.33 seconds
INFO  [2025-12-09 10:09:03] - Run 99 of 100
INFO  [2025-12-09 10:09:03] --- Used 0.12 seconds. Est. time remaining: 0.17 seconds
INFO  [2025-12-09 10:09:03] - Run 100 of 100
INFO  [2025-12-09 10:09:03] --- Used 0.09 seconds. Est. time remaining: 0 seconds
INFO  [2025-12-09 10:09:03] Calculating percentiles for score and loading
INFO  [2025-12-09 10:09:04] ==== ALASCA has finished ====
INFO  [2025-12-09 10:09:04] To visualize the model, try `plot(<object>, effect = 1, component = 1, type = 'effect')`
INFO  [2025-12-09 10:09:14] Scree plot. Selected effect (nr 1): `timepoint+timepoint:treatment+treatment`. Component: 1 and 2 and 3 and 4 and 5 and 6 and 7 and 8 and 9 and 10.
INFO  [2025-12-09 10:09:22] Scree plot. Selected effect (nr 1): `timepoint+timepoint:treatment+treatment`. Component: 1 and 2 and 3 and 4 and 5 and 6 and 7 and 8 and 9 and 10.
INFO  [2025-12-09 10:09:30] Scree plot. Selected effect (nr 1): `timepoint+timepoint:treatment+treatment`. Component: 1 and 2 and 3 and 4 and 5 and 6 and 7 and 8 and 9 and 10.
INFO  [2025-12-09 10:09:35] Effect plot. Selected effect (nr 1): `timepoint+timepoint:treatment+treatment`. Component: 1.
WARN  [2025-12-09 10:09:35] Showing 20 of 185 variables. Adjust the number with `n_limit`
INFO  [2025-12-09 10:09:39] Prediction plot. Selected effect (nr 1): `timepoint+timepoint:treatment+treatment`. Component: 1.
INFO  [2025-12-09 10:09:39] Selecting the 5 variables with highest/lowest loading on `timepoint+timepoint:treatment+treatment` (PC1). Use `variable` to specify variables to plot
INFO  [2025-12-09 10:09:44] Loadings for effect number 1 and principal component(s) 1
INFO  [2025-12-09 10:09:49] Effect plot. Selected effect (nr 1): `timepoint+timepoint:treatment+treatment`. Component: 2.
WARN  [2025-12-09 10:09:49] Showing 20 of 185 variables. Adjust the number with `n_limit`
INFO  [2025-12-09 10:09:52] Prediction plot. Selected effect (nr 1): `timepoint+timepoint:treatment+treatment`. Component: 2.
INFO  [2025-12-09 10:09:52] Selecting the 5 variables with highest/lowest loading on `timepoint+timepoint:treatment+treatment` (PC2). Use `variable` to specify variables to plot
INFO  [2025-12-09 10:09:55] Loadings for effect number 1 and principal component(s) 2
INFO  [2025-12-09 10:10:09] Effect plot. Selected effect (nr 1): `timepoint+timepoint:treatment+treatment`. Component: 3.
WARN  [2025-12-09 10:10:09] Showing 20 of 185 variables. Adjust the number with `n_limit`
INFO  [2025-12-09 10:10:26] Prediction plot. Selected effect (nr 1): `timepoint+timepoint:treatment+treatment`. Component: 3.
INFO  [2025-12-09 10:10:26] Selecting the 5 variables with highest/lowest loading on `timepoint+timepoint:treatment+treatment` (PC3). Use `variable` to specify variables to plot
INFO  [2025-12-09 10:10:32] Loadings for effect number 1 and principal component(s) 3
