INFO  [2025-11-25 11:24:41] Initializing ALASCA (v1.0.17, 2024-09-13)
WARN  [2025-11-25 11:24:41] Guessing effects: `final.genotype+final.genotype:treatment+treatment`
INFO  [2025-11-25 11:24:41] Will use linear mixed models!
INFO  [2025-11-25 11:24:41] Will use Rfast!
WARN  [2025-11-25 11:24:41] Converting IDs to integer values
WARN  [2025-11-25 11:24:41] The `final.genotype` column is used for stratification
INFO  [2025-11-25 11:24:41] Scaling data with sdall ...
INFO  [2025-11-25 11:24:41] Calculating LMM coefficients
INFO  [2025-11-25 11:24:41] Reducing the number of dimensions with PCA
INFO  [2025-11-25 11:24:41] Keeping 24 components from initial PCA, explaining 95.33 % of variation. The limit can be changed with `reduce_dimensions.limit`
INFO  [2025-11-25 11:24:41] -> Finished the reduction of dimensions!
WARN  [2025-11-25 11:24:41] Keeping 20 of 24 components. Change `max_PC` if necessary.
INFO  [2025-11-25 11:24:41] Starting validation: bootstrap
INFO  [2025-11-25 11:24:41] - Run 1 of 100
INFO  [2025-11-25 11:24:42] --- Used 0.16 seconds. Est. time remaining: 17.45 seconds
INFO  [2025-11-25 11:24:42] - Run 2 of 100
INFO  [2025-11-25 11:24:42] --- Used 0.2 seconds. Est. time remaining: 18.27 seconds
INFO  [2025-11-25 11:24:42] - Run 3 of 100
INFO  [2025-11-25 11:24:42] --- Used 0.1 seconds. Est. time remaining: 15.23 seconds
INFO  [2025-11-25 11:24:42] - Run 4 of 100
INFO  [2025-11-25 11:24:42] --- Used 0.08 seconds. Est. time remaining: 13.3 seconds
INFO  [2025-11-25 11:24:42] - Run 5 of 100
INFO  [2025-11-25 11:24:42] --- Used 0.1 seconds. Est. time remaining: 12.39 seconds
INFO  [2025-11-25 11:24:42] - Run 6 of 100
INFO  [2025-11-25 11:24:43] --- Used 0.45 seconds. Est. time remaining: 17.31 seconds
INFO  [2025-11-25 11:24:43] - Run 7 of 100
INFO  [2025-11-25 11:24:43] --- Used 0.11 seconds. Est. time remaining: 16.11 seconds
INFO  [2025-11-25 11:24:43] - Run 8 of 100
INFO  [2025-11-25 11:24:43] --- Used 0.08 seconds. Est. time remaining: 14.91 seconds
INFO  [2025-11-25 11:24:43] - Run 9 of 100
INFO  [2025-11-25 11:24:43] --- Used 0.1 seconds. Est. time remaining: 14.17 seconds
INFO  [2025-11-25 11:24:43] - Run 10 of 100
INFO  [2025-11-25 11:24:43] --- Used 0.09 seconds. Est. time remaining: 13.45 seconds
INFO  [2025-11-25 11:24:43] - Run 11 of 100
INFO  [2025-11-25 11:24:43] --- Used 0.07 seconds. Est. time remaining: 12.68 seconds
INFO  [2025-11-25 11:24:43] - Run 12 of 100
INFO  [2025-11-25 11:24:43] --- Used 0.09 seconds. Est. time remaining: 12.13 seconds
INFO  [2025-11-25 11:24:43] - Run 13 of 100
INFO  [2025-11-25 11:24:43] --- Used 0.08 seconds. Est. time remaining: 11.58 seconds
INFO  [2025-11-25 11:24:43] - Run 14 of 100
INFO  [2025-11-25 11:24:44] --- Used 0.42 seconds. Est. time remaining: 13.21 seconds
INFO  [2025-11-25 11:24:44] - Run 15 of 100
INFO  [2025-11-25 11:24:44] --- Used 0.1 seconds. Est. time remaining: 12.73 seconds
INFO  [2025-11-25 11:24:44] - Run 16 of 100
INFO  [2025-11-25 11:24:44] --- Used 0.1 seconds. Est. time remaining: 12.34 seconds
INFO  [2025-11-25 11:24:44] - Run 17 of 100
INFO  [2025-11-25 11:24:44] --- Used 0.1 seconds. Est. time remaining: 11.96 seconds
INFO  [2025-11-25 11:24:44] - Run 18 of 100
INFO  [2025-11-25 11:24:44] --- Used 0.11 seconds. Est. time remaining: 11.66 seconds
INFO  [2025-11-25 11:24:44] - Run 19 of 100
INFO  [2025-11-25 11:24:44] --- Used 0.08 seconds. Est. time remaining: 11.28 seconds
INFO  [2025-11-25 11:24:44] - Run 20 of 100
INFO  [2025-11-25 11:24:44] --- Used 0.08 seconds. Est. time remaining: 10.92 seconds
INFO  [2025-11-25 11:24:44] - Run 21 of 100
INFO  [2025-11-25 11:24:44] --- Used 0.15 seconds. Est. time remaining: 10.85 seconds
INFO  [2025-11-25 11:24:44] - Run 22 of 100
INFO  [2025-11-25 11:24:45] --- Used 0.36 seconds. Est. time remaining: 11.51 seconds
INFO  [2025-11-25 11:24:45] - Run 23 of 100
INFO  [2025-11-25 11:24:45] --- Used 0.08 seconds. Est. time remaining: 11.14 seconds
INFO  [2025-11-25 11:24:45] - Run 24 of 100
INFO  [2025-11-25 11:24:45] --- Used 0.09 seconds. Est. time remaining: 10.84 seconds
INFO  [2025-11-25 11:24:45] - Run 25 of 100
INFO  [2025-11-25 11:24:45] --- Used 0.09 seconds. Est. time remaining: 10.55 seconds
INFO  [2025-11-25 11:24:45] - Run 26 of 100
INFO  [2025-11-25 11:24:45] --- Used 0.1 seconds. Est. time remaining: 10.31 seconds
INFO  [2025-11-25 11:24:45] - Run 27 of 100
INFO  [2025-11-25 11:24:45] --- Used 0.07 seconds. Est. time remaining: 9.98 seconds
INFO  [2025-11-25 11:24:45] - Run 28 of 100
INFO  [2025-11-25 11:24:45] --- Used 0.09 seconds. Est. time remaining: 9.72 seconds
INFO  [2025-11-25 11:24:45] - Run 29 of 100
INFO  [2025-11-25 11:24:46] --- Used 0.4 seconds. Est. time remaining: 10.23 seconds
INFO  [2025-11-25 11:24:46] - Run 30 of 100
INFO  [2025-11-25 11:24:46] --- Used 0.14 seconds. Est. time remaining: 10.08 seconds
INFO  [2025-11-25 11:24:46] - Run 31 of 100
INFO  [2025-11-25 11:24:46] --- Used 0.08 seconds. Est. time remaining: 9.79 seconds
INFO  [2025-11-25 11:24:46] - Run 32 of 100
INFO  [2025-11-25 11:24:46] --- Used 0.08 seconds. Est. time remaining: 9.51 seconds
INFO  [2025-11-25 11:24:46] - Run 33 of 100
INFO  [2025-11-25 11:24:46] --- Used 0.1 seconds. Est. time remaining: 9.29 seconds
INFO  [2025-11-25 11:24:46] - Run 34 of 100
INFO  [2025-11-25 11:24:46] --- Used 0.1 seconds. Est. time remaining: 9.08 seconds
INFO  [2025-11-25 11:24:46] - Run 35 of 100
INFO  [2025-11-25 11:24:46] --- Used 0.08 seconds. Est. time remaining: 8.85 seconds
INFO  [2025-11-25 11:24:46] - Run 36 of 100
INFO  [2025-11-25 11:24:46] --- Used 0.16 seconds. Est. time remaining: 8.75 seconds
INFO  [2025-11-25 11:24:46] - Run 37 of 100
INFO  [2025-11-25 11:24:47] --- Used 0.36 seconds. Est. time remaining: 8.99 seconds
INFO  [2025-11-25 11:24:47] - Run 38 of 100
INFO  [2025-11-25 11:24:47] --- Used 0.12 seconds. Est. time remaining: 8.82 seconds
INFO  [2025-11-25 11:24:47] - Run 39 of 100
INFO  [2025-11-25 11:24:47] --- Used 0.08 seconds. Est. time remaining: 8.58 seconds
INFO  [2025-11-25 11:24:47] - Run 40 of 100
INFO  [2025-11-25 11:24:47] --- Used 0.09 seconds. Est. time remaining: 8.37 seconds
INFO  [2025-11-25 11:24:47] - Run 41 of 100
INFO  [2025-11-25 11:24:47] --- Used 0.07 seconds. Est. time remaining: 8.14 seconds
INFO  [2025-11-25 11:24:47] - Run 42 of 100
INFO  [2025-11-25 11:24:47] --- Used 0.11 seconds. Est. time remaining: 7.96 seconds
INFO  [2025-11-25 11:24:47] - Run 43 of 100
INFO  [2025-11-25 11:24:47] --- Used 0.16 seconds. Est. time remaining: 7.86 seconds
INFO  [2025-11-25 11:24:47] - Run 44 of 100
INFO  [2025-11-25 11:24:48] --- Used 0.37 seconds. Est. time remaining: 8.01 seconds
INFO  [2025-11-25 11:24:48] - Run 45 of 100
INFO  [2025-11-25 11:24:48] --- Used 0.14 seconds. Est. time remaining: 7.87 seconds
INFO  [2025-11-25 11:24:48] - Run 46 of 100
INFO  [2025-11-25 11:24:48] --- Used 0.08 seconds. Est. time remaining: 7.65 seconds
INFO  [2025-11-25 11:24:48] - Run 47 of 100
INFO  [2025-11-25 11:24:48] --- Used 0.1 seconds. Est. time remaining: 7.46 seconds
INFO  [2025-11-25 11:24:48] - Run 48 of 100
INFO  [2025-11-25 11:24:48] --- Used 0.09 seconds. Est. time remaining: 7.27 seconds
INFO  [2025-11-25 11:24:48] - Run 49 of 100
INFO  [2025-11-25 11:24:48] --- Used 0.09 seconds. Est. time remaining: 7.07 seconds
INFO  [2025-11-25 11:24:48] - Run 50 of 100
INFO  [2025-11-25 11:24:48] --- Used 0.14 seconds. Est. time remaining: 6.94 seconds
INFO  [2025-11-25 11:24:48] - Run 51 of 100
INFO  [2025-11-25 11:24:49] --- Used 0.35 seconds. Est. time remaining: 7.01 seconds
INFO  [2025-11-25 11:24:49] - Run 52 of 100
INFO  [2025-11-25 11:24:49] --- Used 0.11 seconds. Est. time remaining: 6.83 seconds
INFO  [2025-11-25 11:24:49] - Run 53 of 100
INFO  [2025-11-25 11:24:49] --- Used 0.11 seconds. Est. time remaining: 6.66 seconds
INFO  [2025-11-25 11:24:49] - Run 54 of 100
INFO  [2025-11-25 11:24:49] --- Used 0.09 seconds. Est. time remaining: 6.48 seconds
INFO  [2025-11-25 11:24:49] - Run 55 of 100
INFO  [2025-11-25 11:24:49] --- Used 0.09 seconds. Est. time remaining: 6.29 seconds
INFO  [2025-11-25 11:24:49] - Run 56 of 100
INFO  [2025-11-25 11:24:49] --- Used 0.09 seconds. Est. time remaining: 6.12 seconds
INFO  [2025-11-25 11:24:49] - Run 57 of 100
INFO  [2025-11-25 11:24:49] --- Used 0.16 seconds. Est. time remaining: 5.99 seconds
INFO  [2025-11-25 11:24:49] - Run 58 of 100
INFO  [2025-11-25 11:24:50] --- Used 0.36 seconds. Est. time remaining: 6.01 seconds
INFO  [2025-11-25 11:24:50] - Run 59 of 100
INFO  [2025-11-25 11:24:50] --- Used 0.09 seconds. Est. time remaining: 5.84 seconds
INFO  [2025-11-25 11:24:50] - Run 60 of 100
INFO  [2025-11-25 11:24:50] --- Used 0.1 seconds. Est. time remaining: 5.67 seconds
INFO  [2025-11-25 11:24:50] - Run 61 of 100
INFO  [2025-11-25 11:24:50] --- Used 0.11 seconds. Est. time remaining: 5.51 seconds
INFO  [2025-11-25 11:24:50] - Run 62 of 100
INFO  [2025-11-25 11:24:50] --- Used 0.08 seconds. Est. time remaining: 5.33 seconds
INFO  [2025-11-25 11:24:50] - Run 63 of 100
INFO  [2025-11-25 11:24:50] --- Used 0.09 seconds. Est. time remaining: 5.16 seconds
INFO  [2025-11-25 11:24:50] - Run 64 of 100
INFO  [2025-11-25 11:24:50] --- Used 0.16 seconds. Est. time remaining: 5.03 seconds
INFO  [2025-11-25 11:24:50] - Run 65 of 100
INFO  [2025-11-25 11:24:51] --- Used 0.39 seconds. Est. time remaining: 5.03 seconds
INFO  [2025-11-25 11:24:51] - Run 66 of 100
INFO  [2025-11-25 11:24:51] --- Used 0.11 seconds. Est. time remaining: 4.87 seconds
INFO  [2025-11-25 11:24:51] - Run 67 of 100
INFO  [2025-11-25 11:24:51] --- Used 0.23 seconds. Est. time remaining: 4.77 seconds
INFO  [2025-11-25 11:24:51] - Run 68 of 100
INFO  [2025-11-25 11:24:51] --- Used 0.16 seconds. Est. time remaining: 4.64 seconds
INFO  [2025-11-25 11:24:51] - Run 69 of 100
