INFO  [2025-11-25 11:02:51] Initializing ALASCA (v1.0.17, 2024-09-13)
WARN  [2025-11-25 11:02:51] Guessing effects: `day+day:treatment+treatment`
INFO  [2025-11-25 11:02:51] Will use linear mixed models!
INFO  [2025-11-25 11:02:51] Will use Rfast!
WARN  [2025-11-25 11:02:51] Converting IDs to integer values
WARN  [2025-11-25 11:02:51] The `day` column is used for stratification
INFO  [2025-11-25 11:02:51] Scaling data with sdall ...
INFO  [2025-11-25 11:02:51] Calculating LMM coefficients
INFO  [2025-11-25 11:02:51] Reducing the number of dimensions with PCA
INFO  [2025-11-25 11:02:51] Keeping 42 components from initial PCA, explaining 95.34 % of variation. The limit can be changed with `reduce_dimensions.limit`
INFO  [2025-11-25 11:02:51] -> Finished the reduction of dimensions!
WARN  [2025-11-25 11:02:52] Keeping 20 of 42 components. Change `max_PC` if necessary.
INFO  [2025-11-25 11:02:52] Starting validation: bootstrap
INFO  [2025-11-25 11:02:52] - Run 1 of 100
INFO  [2025-11-25 11:02:52] --- Used 0.55 seconds. Est. time remaining: 55.03 seconds
INFO  [2025-11-25 11:02:52] - Run 2 of 100
INFO  [2025-11-25 11:02:52] --- Used 0.19 seconds. Est. time remaining: 36.79 seconds
INFO  [2025-11-25 11:02:52] - Run 3 of 100
INFO  [2025-11-25 11:02:53] --- Used 0.13 seconds. Est. time remaining: 28.47 seconds
INFO  [2025-11-25 11:02:53] - Run 4 of 100
INFO  [2025-11-25 11:02:53] --- Used 0.43 seconds. Est. time remaining: 31.57 seconds
INFO  [2025-11-25 11:02:53] - Run 5 of 100
INFO  [2025-11-25 11:02:53] --- Used 0.2 seconds. Est. time remaining: 28.8 seconds
INFO  [2025-11-25 11:02:53] - Run 6 of 100
INFO  [2025-11-25 11:02:53] --- Used 0.12 seconds. Est. time remaining: 25.71 seconds
INFO  [2025-11-25 11:02:53] - Run 7 of 100
INFO  [2025-11-25 11:02:53] --- Used 0.11 seconds. Est. time remaining: 23.33 seconds
INFO  [2025-11-25 11:02:53] - Run 8 of 100
INFO  [2025-11-25 11:02:54] --- Used 0.76 seconds. Est. time remaining: 28.9 seconds
INFO  [2025-11-25 11:02:54] - Run 9 of 100
INFO  [2025-11-25 11:02:54] --- Used 0.1 seconds. Est. time remaining: 26.47 seconds
INFO  [2025-11-25 11:02:54] - Run 10 of 100
INFO  [2025-11-25 11:02:54] --- Used 0.15 seconds. Est. time remaining: 24.92 seconds
INFO  [2025-11-25 11:02:54] - Run 11 of 100
INFO  [2025-11-25 11:02:55] --- Used 0.14 seconds. Est. time remaining: 23.56 seconds
INFO  [2025-11-25 11:02:55] - Run 12 of 100
INFO  [2025-11-25 11:02:55] --- Used 0.45 seconds. Est. time remaining: 24.67 seconds
INFO  [2025-11-25 11:02:55] - Run 13 of 100
INFO  [2025-11-25 11:02:55] --- Used 0.14 seconds. Est. time remaining: 23.42 seconds
INFO  [2025-11-25 11:02:55] - Run 14 of 100
INFO  [2025-11-25 11:02:55] --- Used 0.13 seconds. Est. time remaining: 22.33 seconds
INFO  [2025-11-25 11:02:55] - Run 15 of 100
INFO  [2025-11-25 11:02:55] --- Used 0.16 seconds. Est. time remaining: 21.5 seconds
INFO  [2025-11-25 11:02:55] - Run 16 of 100
INFO  [2025-11-25 11:02:56] --- Used 0.12 seconds. Est. time remaining: 20.54 seconds
INFO  [2025-11-25 11:02:56] - Run 17 of 100
INFO  [2025-11-25 11:02:56] --- Used 0.18 seconds. Est. time remaining: 20 seconds
INFO  [2025-11-25 11:02:56] - Run 18 of 100
INFO  [2025-11-25 11:02:56] --- Used 0.45 seconds. Est. time remaining: 20.69 seconds
INFO  [2025-11-25 11:02:56] - Run 19 of 100
INFO  [2025-11-25 11:02:56] --- Used 0.12 seconds. Est. time remaining: 19.89 seconds
INFO  [2025-11-25 11:02:56] - Run 20 of 100
INFO  [2025-11-25 11:02:56] --- Used 0.14 seconds. Est. time remaining: 19.22 seconds
INFO  [2025-11-25 11:02:56] - Run 21 of 100
INFO  [2025-11-25 11:02:57] --- Used 0.14 seconds. Est. time remaining: 18.6 seconds
INFO  [2025-11-25 11:02:57] - Run 22 of 100
INFO  [2025-11-25 11:02:57] --- Used 0.45 seconds. Est. time remaining: 19.14 seconds
INFO  [2025-11-25 11:02:57] - Run 23 of 100
INFO  [2025-11-25 11:02:57] --- Used 0.13 seconds. Est. time remaining: 18.52 seconds
INFO  [2025-11-25 11:02:57] - Run 24 of 100
INFO  [2025-11-25 11:02:57] --- Used 0.19 seconds. Est. time remaining: 18.12 seconds
INFO  [2025-11-25 11:02:57] - Run 25 of 100
INFO  [2025-11-25 11:02:57] --- Used 0.12 seconds. Est. time remaining: 17.53 seconds
INFO  [2025-11-25 11:02:57] - Run 26 of 100
INFO  [2025-11-25 11:02:58] --- Used 0.11 seconds. Est. time remaining: 16.94 seconds
INFO  [2025-11-25 11:02:58] - Run 27 of 100
INFO  [2025-11-25 11:02:58] --- Used 0.45 seconds. Est. time remaining: 17.3 seconds
INFO  [2025-11-25 11:02:58] - Run 28 of 100
INFO  [2025-11-25 11:02:58] --- Used 0.17 seconds. Est. time remaining: 16.89 seconds
INFO  [2025-11-25 11:02:58] - Run 29 of 100
INFO  [2025-11-25 11:02:58] --- Used 0.12 seconds. Est. time remaining: 16.38 seconds
INFO  [2025-11-25 11:02:58] - Run 30 of 100
INFO  [2025-11-25 11:02:58] --- Used 0.14 seconds. Est. time remaining: 15.93 seconds
INFO  [2025-11-25 11:02:58] - Run 31 of 100
INFO  [2025-11-25 11:02:59] --- Used 0.13 seconds. Est. time remaining: 15.48 seconds
INFO  [2025-11-25 11:02:59] - Run 32 of 100
INFO  [2025-11-25 11:02:59] --- Used 0.57 seconds. Est. time remaining: 16 seconds
INFO  [2025-11-25 11:02:59] - Run 33 of 100
INFO  [2025-11-25 11:02:59] --- Used 0.13 seconds. Est. time remaining: 15.54 seconds
INFO  [2025-11-25 11:02:59] - Run 34 of 100
INFO  [2025-11-25 11:02:59] --- Used 0.16 seconds. Est. time remaining: 15.17 seconds
INFO  [2025-11-25 11:02:59] - Run 35 of 100
INFO  [2025-11-25 11:03:00] --- Used 0.12 seconds. Est. time remaining: 14.75 seconds
INFO  [2025-11-25 11:03:00] - Run 36 of 100
INFO  [2025-11-25 11:03:00] --- Used 0.62 seconds. Est. time remaining: 15.22 seconds
INFO  [2025-11-25 11:03:00] - Run 37 of 100
INFO  [2025-11-25 11:03:00] --- Used 0.14 seconds. Est. time remaining: 14.82 seconds
INFO  [2025-11-25 11:03:00] - Run 38 of 100
INFO  [2025-11-25 11:03:01] --- Used 0.19 seconds. Est. time remaining: 14.52 seconds
INFO  [2025-11-25 11:03:01] - Run 39 of 100
INFO  [2025-11-25 11:03:01] --- Used 0.13 seconds. Est. time remaining: 14.12 seconds
INFO  [2025-11-25 11:03:01] - Run 40 of 100
INFO  [2025-11-25 11:03:01] --- Used 0.49 seconds. Est. time remaining: 14.28 seconds
INFO  [2025-11-25 11:03:01] - Run 41 of 100
INFO  [2025-11-25 11:03:01] --- Used 0.16 seconds. Est. time remaining: 13.93 seconds
INFO  [2025-11-25 11:03:01] - Run 42 of 100
INFO  [2025-11-25 11:03:01] --- Used 0.13 seconds. Est. time remaining: 13.55 seconds
INFO  [2025-11-25 11:03:01] - Run 43 of 100
INFO  [2025-11-25 11:03:02] --- Used 0.16 seconds. Est. time remaining: 13.22 seconds
INFO  [2025-11-25 11:03:02] - Run 44 of 100
INFO  [2025-11-25 11:03:02] --- Used 0.13 seconds. Est. time remaining: 12.86 seconds
INFO  [2025-11-25 11:03:02] - Run 45 of 100
INFO  [2025-11-25 11:03:02] --- Used 0.14 seconds. Est. time remaining: 12.52 seconds
INFO  [2025-11-25 11:03:02] - Run 46 of 100
INFO  [2025-11-25 11:03:02] --- Used 0.13 seconds. Est. time remaining: 12.18 seconds
INFO  [2025-11-25 11:03:02] - Run 47 of 100
INFO  [2025-11-25 11:03:02] --- Used 0.14 seconds. Est. time remaining: 11.85 seconds
INFO  [2025-11-25 11:03:02] - Run 48 of 100
INFO  [2025-11-25 11:03:02] --- Used 0.22 seconds. Est. time remaining: 11.63 seconds
INFO  [2025-11-25 11:03:02] - Run 49 of 100
INFO  [2025-11-25 11:03:02] --- Used 0.12 seconds. Est. time remaining: 11.29 seconds
INFO  [2025-11-25 11:03:02] - Run 50 of 100
INFO  [2025-11-25 11:03:04] --- Used 1.19 seconds. Est. time remaining: 12.04 seconds
INFO  [2025-11-25 11:03:04] - Run 51 of 100
INFO  [2025-11-25 11:03:04] --- Used 0.1 seconds. Est. time remaining: 11.67 seconds
INFO  [2025-11-25 11:03:04] - Run 52 of 100
INFO  [2025-11-25 11:03:04] --- Used 0.12 seconds. Est. time remaining: 11.32 seconds
INFO  [2025-11-25 11:03:04] - Run 53 of 100
INFO  [2025-11-25 11:03:04] --- Used 0.12 seconds. Est. time remaining: 10.98 seconds
INFO  [2025-11-25 11:03:04] - Run 54 of 100
INFO  [2025-11-25 11:03:04] --- Used 0.43 seconds. Est. time remaining: 10.92 seconds
INFO  [2025-11-25 11:03:04] - Run 55 of 100
INFO  [2025-11-25 11:03:05] --- Used 0.24 seconds. Est. time remaining: 10.68 seconds
INFO  [2025-11-25 11:03:05] - Run 56 of 100
INFO  [2025-11-25 11:03:05] --- Used 0.44 seconds. Est. time remaining: 10.6 seconds
INFO  [2025-11-25 11:03:05] - Run 57 of 100
INFO  [2025-11-25 11:03:05] --- Used 0.15 seconds. Est. time remaining: 10.3 seconds
INFO  [2025-11-25 11:03:05] - Run 58 of 100
INFO  [2025-11-25 11:03:05] --- Used 0.14 seconds. Est. time remaining: 9.99 seconds
INFO  [2025-11-25 11:03:05] - Run 59 of 100
INFO  [2025-11-25 11:03:07] --- Used 1.29 seconds. Est. time remaining: 10.48 seconds
INFO  [2025-11-25 11:03:07] - Run 60 of 100
INFO  [2025-11-25 11:03:07] --- Used 0.18 seconds. Est. time remaining: 10.17 seconds
INFO  [2025-11-25 11:03:07] - Run 61 of 100
INFO  [2025-11-25 11:03:07] --- Used 0.18 seconds. Est. time remaining: 9.87 seconds
INFO  [2025-11-25 11:03:07] - Run 62 of 100
INFO  [2025-11-25 11:03:07] --- Used 0.14 seconds. Est. time remaining: 9.55 seconds
INFO  [2025-11-25 11:03:07] - Run 63 of 100
INFO  [2025-11-25 11:03:07] --- Used 0.13 seconds. Est. time remaining: 9.23 seconds
INFO  [2025-11-25 11:03:07] - Run 64 of 100
INFO  [2025-11-25 11:03:08] --- Used 0.19 seconds. Est. time remaining: 8.95 seconds
INFO  [2025-11-25 11:03:08] - Run 65 of 100
INFO  [2025-11-25 11:03:08] --- Used 0.18 seconds. Est. time remaining: 8.66 seconds
INFO  [2025-11-25 11:03:08] - Run 66 of 100
INFO  [2025-11-25 11:03:08] --- Used 0.39 seconds. Est. time remaining: 8.49 seconds
INFO  [2025-11-25 11:03:08] - Run 67 of 100
INFO  [2025-11-25 11:03:08] --- Used 0.17 seconds. Est. time remaining: 8.2 seconds
INFO  [2025-11-25 11:03:08] - Run 68 of 100
INFO  [2025-11-25 11:03:08] --- Used 0.13 seconds. Est. time remaining: 7.89 seconds
INFO  [2025-11-25 11:03:08] - Run 69 of 100
INFO  [2025-11-25 11:03:09] --- Used 0.18 seconds. Est. time remaining: 7.61 seconds
INFO  [2025-11-25 11:03:09] - Run 70 of 100
INFO  [2025-11-25 11:03:09] --- Used 0.85 seconds. Est. time remaining: 7.63 seconds
INFO  [2025-11-25 11:03:09] - Run 71 of 100
INFO  [2025-11-25 11:03:10] --- Used 0.34 seconds. Est. time remaining: 7.41 seconds
INFO  [2025-11-25 11:03:10] - Run 72 of 100
INFO  [2025-11-25 11:03:10] --- Used 0.23 seconds. Est. time remaining: 7.14 seconds
INFO  [2025-11-25 11:03:10] - Run 73 of 100
INFO  [2025-11-25 11:03:10] --- Used 0.2 seconds. Est. time remaining: 6.87 seconds
INFO  [2025-11-25 11:03:10] - Run 74 of 100
INFO  [2025-11-25 11:03:10] --- Used 0.16 seconds. Est. time remaining: 6.58 seconds
INFO  [2025-11-25 11:03:10] - Run 75 of 100
INFO  [2025-11-25 11:03:10] --- Used 0.13 seconds. Est. time remaining: 6.29 seconds
INFO  [2025-11-25 11:03:10] - Run 76 of 100
INFO  [2025-11-25 11:03:11] --- Used 0.18 seconds. Est. time remaining: 6.01 seconds
INFO  [2025-11-25 11:03:11] - Run 77 of 100
INFO  [2025-11-25 11:03:11] --- Used 0.64 seconds. Est. time remaining: 5.88 seconds
INFO  [2025-11-25 11:03:11] - Run 78 of 100
INFO  [2025-11-25 11:03:12] --- Used 0.25 seconds. Est. time remaining: 5.62 seconds
INFO  [2025-11-25 11:03:12] - Run 79 of 100
INFO  [2025-11-25 11:03:12] --- Used 0.61 seconds. Est. time remaining: 5.46 seconds
INFO  [2025-11-25 11:03:12] - Run 80 of 100
INFO  [2025-11-25 11:03:12] --- Used 0.15 seconds. Est. time remaining: 5.17 seconds
INFO  [2025-11-25 11:03:12] - Run 81 of 100
INFO  [2025-11-25 11:03:12] --- Used 0.17 seconds. Est. time remaining: 4.89 seconds
INFO  [2025-11-25 11:03:12] - Run 82 of 100
INFO  [2025-11-25 11:03:13] --- Used 0.15 seconds. Est. time remaining: 4.61 seconds
INFO  [2025-11-25 11:03:13] - Run 83 of 100
INFO  [2025-11-25 11:03:13] --- Used 0.15 seconds. Est. time remaining: 4.33 seconds
INFO  [2025-11-25 11:03:13] - Run 84 of 100
INFO  [2025-11-25 11:03:13] --- Used 0.13 seconds. Est. time remaining: 4.06 seconds
INFO  [2025-11-25 11:03:13] - Run 85 of 100
INFO  [2025-11-25 11:03:13] --- Used 0.14 seconds. Est. time remaining: 3.78 seconds
INFO  [2025-11-25 11:03:13] - Run 86 of 100
INFO  [2025-11-25 11:03:13] --- Used 0.15 seconds. Est. time remaining: 3.51 seconds
INFO  [2025-11-25 11:03:13] - Run 87 of 100
INFO  [2025-11-25 11:03:13] --- Used 0.13 seconds. Est. time remaining: 3.24 seconds
INFO  [2025-11-25 11:03:13] - Run 88 of 100
INFO  [2025-11-25 11:03:13] --- Used 0.14 seconds. Est. time remaining: 2.98 seconds
INFO  [2025-11-25 11:03:13] - Run 89 of 100
INFO  [2025-11-25 11:03:14] --- Used 0.53 seconds. Est. time remaining: 2.77 seconds
INFO  [2025-11-25 11:03:14] - Run 90 of 100
INFO  [2025-11-25 11:03:14] --- Used 0.14 seconds. Est. time remaining: 2.5 seconds
INFO  [2025-11-25 11:03:14] - Run 91 of 100
INFO  [2025-11-25 11:03:14] --- Used 0.13 seconds. Est. time remaining: 2.24 seconds
INFO  [2025-11-25 11:03:14] - Run 92 of 100
INFO  [2025-11-25 11:03:14] --- Used 0.16 seconds. Est. time remaining: 1.98 seconds
INFO  [2025-11-25 11:03:14] - Run 93 of 100
INFO  [2025-11-25 11:03:15] --- Used 0.51 seconds. Est. time remaining: 1.76 seconds
INFO  [2025-11-25 11:03:15] - Run 94 of 100
INFO  [2025-11-25 11:03:15] --- Used 0.21 seconds. Est. time remaining: 1.5 seconds
INFO  [2025-11-25 11:03:15] - Run 95 of 100
INFO  [2025-11-25 11:03:15] --- Used 0.13 seconds. Est. time remaining: 1.25 seconds
INFO  [2025-11-25 11:03:15] - Run 96 of 100
INFO  [2025-11-25 11:03:16] --- Used 0.43 seconds. Est. time remaining: 1 seconds
INFO  [2025-11-25 11:03:16] - Run 97 of 100
INFO  [2025-11-25 11:03:16] --- Used 0.53 seconds. Est. time remaining: 0.76 seconds
INFO  [2025-11-25 11:03:16] - Run 98 of 100
INFO  [2025-11-25 11:03:16] --- Used 0.18 seconds. Est. time remaining: 0.51 seconds
INFO  [2025-11-25 11:03:16] - Run 99 of 100
INFO  [2025-11-25 11:03:17] --- Used 0.24 seconds. Est. time remaining: 0.25 seconds
INFO  [2025-11-25 11:03:17] - Run 100 of 100
INFO  [2025-11-25 11:03:17] --- Used 0.41 seconds. Est. time remaining: 0 seconds
INFO  [2025-11-25 11:03:17] Calculating percentiles for score and loading
INFO  [2025-11-25 11:03:17] ==== ALASCA has finished ====
INFO  [2025-11-25 11:03:17] To visualize the model, try `plot(<object>, effect = 1, component = 1, type = 'effect')`
INFO  [2025-11-25 11:03:32] Scree plot. Selected effect (nr 1): `day+day:treatment+treatment`. Component: 1 and 2 and 3 and 4 and 5 and 6 and 7 and 8 and 9 and 10.
INFO  [2025-11-25 11:03:42] Scree plot. Selected effect (nr 1): `day+day:treatment+treatment`. Component: 1 and 2 and 3 and 4 and 5 and 6 and 7 and 8 and 9 and 10.
INFO  [2025-11-25 11:03:44] Scree plot. Selected effect (nr 1): `day+day:treatment+treatment`. Component: 1 and 2 and 3 and 4 and 5 and 6 and 7 and 8 and 9 and 10.
INFO  [2025-11-25 11:03:53] Effect plot. Selected effect (nr 1): `day+day:treatment+treatment`. Component: 1.
WARN  [2025-11-25 11:03:53] Showing 20 of 185 variables. Adjust the number with `n_limit`
INFO  [2025-11-25 11:04:17] Prediction plot. Selected effect (nr 1): `day+day:treatment+treatment`. Component: 1.
INFO  [2025-11-25 11:04:17] Selecting the 5 variables with highest/lowest loading on `day+day:treatment+treatment` (PC1). Use `variable` to specify variables to plot
INFO  [2025-11-25 11:04:52] Prediction plot. Selected effect (nr 1): `day+day:treatment+treatment`. Component: 1.
INFO  [2025-11-25 11:04:52] Selecting the 5 variables with highest/lowest loading on `day+day:treatment+treatment` (PC1). Use `variable` to specify variables to plot
INFO  [2025-11-25 11:05:09] Loadings for effect number 1 and principal component(s) 1
INFO  [2025-11-25 11:09:26] Effect plot. Selected effect (nr 1): `day+day:treatment+treatment`. Component: 2.
WARN  [2025-11-25 11:09:27] Showing 20 of 185 variables. Adjust the number with `n_limit`
INFO  [2025-11-25 11:09:55] Prediction plot. Selected effect (nr 1): `day+day:treatment+treatment`. Component: 2.
INFO  [2025-11-25 11:09:55] Selecting the 5 variables with highest/lowest loading on `day+day:treatment+treatment` (PC2). Use `variable` to specify variables to plot
INFO  [2025-11-25 11:10:27] Loadings for effect number 1 and principal component(s) 2
INFO  [2025-11-25 11:11:10] Effect plot. Selected effect (nr 1): `day+day:treatment+treatment`. Component: 3.
WARN  [2025-11-25 11:11:10] Showing 20 of 185 variables. Adjust the number with `n_limit`
INFO  [2025-11-25 11:12:01] Prediction plot. Selected effect (nr 1): `day+day:treatment+treatment`. Component: 3.
INFO  [2025-11-25 11:12:01] Selecting the 5 variables with highest/lowest loading on `day+day:treatment+treatment` (PC3). Use `variable` to specify variables to plot
INFO  [2025-11-25 11:13:33] Effect plot. Selected effect (nr 1): `day+day:treatment+treatment`. Component: 4.
WARN  [2025-11-25 11:13:34] Showing 20 of 185 variables. Adjust the number with `n_limit`
INFO  [2025-11-25 11:13:40] Effect plot. Selected effect (nr 1): `day+day:treatment+treatment`. Component: 3.
WARN  [2025-11-25 11:13:40] Showing 20 of 185 variables. Adjust the number with `n_limit`
