INFO  [2025-12-02 10:52:11] Initializing ALASCA (v1.0.17, 2024-09-13)
WARN  [2025-12-02 10:52:11] Guessing effects: `timepoint+timepoint:treatment+treatment`
INFO  [2025-12-02 10:52:11] Will use linear mixed models!
INFO  [2025-12-02 10:52:11] Will use Rfast!
WARN  [2025-12-02 10:52:11] Converting IDs to integer values
WARN  [2025-12-02 10:52:11] The `timepoint` column is used for stratification
INFO  [2025-12-02 10:52:11] Scaling data with sdall ...
INFO  [2025-12-02 10:52:11] Calculating LMM coefficients
INFO  [2025-12-02 10:52:11] Reducing the number of dimensions with PCA
INFO  [2025-12-02 10:52:11] Keeping 42 components from initial PCA, explaining 95.34 % of variation. The limit can be changed with `reduce_dimensions.limit`
INFO  [2025-12-02 10:52:11] -> Finished the reduction of dimensions!
WARN  [2025-12-02 10:52:11] Keeping 20 of 42 components. Change `max_PC` if necessary.
INFO  [2025-12-02 10:52:11] Starting validation: bootstrap
INFO  [2025-12-02 10:52:11] - Run 1 of 100
INFO  [2025-12-02 10:52:11] --- Used 0.25 seconds. Est. time remaining: 24.57 seconds
INFO  [2025-12-02 10:52:11] - Run 2 of 100
INFO  [2025-12-02 10:52:12] --- Used 0.56 seconds. Est. time remaining: 40.02 seconds
INFO  [2025-12-02 10:52:12] - Run 3 of 100
INFO  [2025-12-02 10:52:12] --- Used 0.11 seconds. Est. time remaining: 29.91 seconds
INFO  [2025-12-02 10:52:12] - Run 4 of 100
INFO  [2025-12-02 10:52:12] --- Used 0.11 seconds. Est. time remaining: 24.74 seconds
INFO  [2025-12-02 10:52:12] - Run 5 of 100
INFO  [2025-12-02 10:52:12] --- Used 0.07 seconds. Est. time remaining: 20.86 seconds
INFO  [2025-12-02 10:52:12] - Run 6 of 100
INFO  [2025-12-02 10:52:12] --- Used 0.09 seconds. Est. time remaining: 18.6 seconds
INFO  [2025-12-02 10:52:12] - Run 7 of 100
INFO  [2025-12-02 10:52:12] --- Used 0.06 seconds. Est. time remaining: 16.61 seconds
INFO  [2025-12-02 10:52:12] - Run 8 of 100
INFO  [2025-12-02 10:52:13] --- Used 0.35 seconds. Est. time remaining: 18.4 seconds
INFO  [2025-12-02 10:52:13] - Run 9 of 100
INFO  [2025-12-02 10:52:13] --- Used 0.52 seconds. Est. time remaining: 21.41 seconds
INFO  [2025-12-02 10:52:13] - Run 10 of 100
INFO  [2025-12-02 10:52:13] --- Used 0.07 seconds. Est. time remaining: 19.69 seconds
INFO  [2025-12-02 10:52:13] - Run 11 of 100
INFO  [2025-12-02 10:52:13] --- Used 0.07 seconds. Est. time remaining: 18.24 seconds
INFO  [2025-12-02 10:52:13] - Run 12 of 100
INFO  [2025-12-02 10:52:13] --- Used 0.15 seconds. Est. time remaining: 17.65 seconds
INFO  [2025-12-02 10:52:13] - Run 13 of 100
INFO  [2025-12-02 10:52:14] --- Used 0.35 seconds. Est. time remaining: 18.48 seconds
INFO  [2025-12-02 10:52:14] - Run 14 of 100
INFO  [2025-12-02 10:52:14] --- Used 0.1 seconds. Est. time remaining: 17.57 seconds
INFO  [2025-12-02 10:52:14] - Run 15 of 100
INFO  [2025-12-02 10:52:14] --- Used 0.12 seconds. Est. time remaining: 16.88 seconds
INFO  [2025-12-02 10:52:14] - Run 16 of 100
INFO  [2025-12-02 10:52:14] --- Used 0.07 seconds. Est. time remaining: 16.01 seconds
INFO  [2025-12-02 10:52:14] - Run 17 of 100
INFO  [2025-12-02 10:52:14] --- Used 0.08 seconds. Est. time remaining: 15.3 seconds
INFO  [2025-12-02 10:52:14] - Run 18 of 100
INFO  [2025-12-02 10:52:14] --- Used 0.08 seconds. Est. time remaining: 14.65 seconds
INFO  [2025-12-02 10:52:14] - Run 19 of 100
INFO  [2025-12-02 10:52:14] --- Used 0.07 seconds. Est. time remaining: 14.01 seconds
INFO  [2025-12-02 10:52:14] - Run 20 of 100
INFO  [2025-12-02 10:52:14] --- Used 0.18 seconds. Est. time remaining: 13.85 seconds
INFO  [2025-12-02 10:52:14] - Run 21 of 100
INFO  [2025-12-02 10:52:15] --- Used 0.33 seconds. Est. time remaining: 14.26 seconds
INFO  [2025-12-02 10:52:15] - Run 22 of 100
INFO  [2025-12-02 10:52:15] --- Used 0.08 seconds. Est. time remaining: 13.72 seconds
INFO  [2025-12-02 10:52:15] - Run 23 of 100
INFO  [2025-12-02 10:52:15] --- Used 0.08 seconds. Est. time remaining: 13.23 seconds
INFO  [2025-12-02 10:52:15] - Run 24 of 100
INFO  [2025-12-02 10:52:15] --- Used 0.07 seconds. Est. time remaining: 12.75 seconds
INFO  [2025-12-02 10:52:15] - Run 25 of 100
INFO  [2025-12-02 10:52:15] --- Used 0.09 seconds. Est. time remaining: 12.36 seconds
INFO  [2025-12-02 10:52:15] - Run 26 of 100
INFO  [2025-12-02 10:52:15] --- Used 0.07 seconds. Est. time remaining: 11.92 seconds
INFO  [2025-12-02 10:52:15] - Run 27 of 100
INFO  [2025-12-02 10:52:15] --- Used 0.07 seconds. Est. time remaining: 11.5 seconds
INFO  [2025-12-02 10:52:15] - Run 28 of 100
INFO  [2025-12-02 10:52:15] --- Used 0.13 seconds. Est. time remaining: 11.28 seconds
INFO  [2025-12-02 10:52:15] - Run 29 of 100
INFO  [2025-12-02 10:52:16] --- Used 0.32 seconds. Est. time remaining: 11.52 seconds
INFO  [2025-12-02 10:52:16] - Run 30 of 100
INFO  [2025-12-02 10:52:16] --- Used 0.1 seconds. Est. time remaining: 11.23 seconds
INFO  [2025-12-02 10:52:16] - Run 31 of 100
INFO  [2025-12-02 10:52:16] --- Used 0.08 seconds. Est. time remaining: 10.89 seconds
INFO  [2025-12-02 10:52:16] - Run 32 of 100
INFO  [2025-12-02 10:52:16] --- Used 0.09 seconds. Est. time remaining: 10.59 seconds
INFO  [2025-12-02 10:52:16] - Run 33 of 100
INFO  [2025-12-02 10:52:16] --- Used 0.08 seconds. Est. time remaining: 10.28 seconds
INFO  [2025-12-02 10:52:16] - Run 34 of 100
INFO  [2025-12-02 10:52:16] --- Used 0.07 seconds. Est. time remaining: 9.96 seconds
INFO  [2025-12-02 10:52:16] - Run 35 of 100
INFO  [2025-12-02 10:52:16] --- Used 0.09 seconds. Est. time remaining: 9.71 seconds
INFO  [2025-12-02 10:52:16] - Run 36 of 100
INFO  [2025-12-02 10:52:16] --- Used 0.07 seconds. Est. time remaining: 9.41 seconds
INFO  [2025-12-02 10:52:16] - Run 37 of 100
INFO  [2025-12-02 10:52:16] --- Used 0.13 seconds. Est. time remaining: 9.24 seconds
INFO  [2025-12-02 10:52:16] - Run 38 of 100
INFO  [2025-12-02 10:52:17] --- Used 0.33 seconds. Est. time remaining: 9.4 seconds
INFO  [2025-12-02 10:52:17] - Run 39 of 100
INFO  [2025-12-02 10:52:17] --- Used 0.08 seconds. Est. time remaining: 9.14 seconds
INFO  [2025-12-02 10:52:17] - Run 40 of 100
INFO  [2025-12-02 10:52:17] --- Used 0.11 seconds. Est. time remaining: 8.92 seconds
INFO  [2025-12-02 10:52:17] - Run 41 of 100
INFO  [2025-12-02 10:52:17] --- Used 0.07 seconds. Est. time remaining: 8.67 seconds
INFO  [2025-12-02 10:52:17] - Run 42 of 100
INFO  [2025-12-02 10:52:17] --- Used 0.08 seconds. Est. time remaining: 8.42 seconds
INFO  [2025-12-02 10:52:17] - Run 43 of 100
INFO  [2025-12-02 10:52:17] --- Used 0.07 seconds. Est. time remaining: 8.18 seconds
INFO  [2025-12-02 10:52:17] - Run 44 of 100
INFO  [2025-12-02 10:52:17] --- Used 0.07 seconds. Est. time remaining: 7.95 seconds
INFO  [2025-12-02 10:52:17] - Run 45 of 100
INFO  [2025-12-02 10:52:17] --- Used 0.09 seconds. Est. time remaining: 7.74 seconds
INFO  [2025-12-02 10:52:17] - Run 46 of 100
INFO  [2025-12-02 10:52:17] --- Used 0.14 seconds. Est. time remaining: 7.6 seconds
INFO  [2025-12-02 10:52:17] - Run 47 of 100
INFO  [2025-12-02 10:52:18] --- Used 0.31 seconds. Est. time remaining: 7.66 seconds
INFO  [2025-12-02 10:52:18] - Run 48 of 100
INFO  [2025-12-02 10:52:18] --- Used 0.08 seconds. Est. time remaining: 7.44 seconds
INFO  [2025-12-02 10:52:18] - Run 49 of 100
INFO  [2025-12-02 10:52:18] --- Used 0.07 seconds. Est. time remaining: 7.23 seconds
INFO  [2025-12-02 10:52:18] - Run 50 of 100
INFO  [2025-12-02 10:52:18] --- Used 0.09 seconds. Est. time remaining: 7.04 seconds
INFO  [2025-12-02 10:52:18] - Run 51 of 100
INFO  [2025-12-02 10:52:18] --- Used 0.07 seconds. Est. time remaining: 6.83 seconds
INFO  [2025-12-02 10:52:18] - Run 52 of 100
INFO  [2025-12-02 10:52:18] --- Used 0.12 seconds. Est. time remaining: 6.68 seconds
INFO  [2025-12-02 10:52:18] - Run 53 of 100
INFO  [2025-12-02 10:52:19] --- Used 0.33 seconds. Est. time remaining: 6.71 seconds
INFO  [2025-12-02 10:52:19] - Run 54 of 100
INFO  [2025-12-02 10:52:19] --- Used 0.09 seconds. Est. time remaining: 6.52 seconds
INFO  [2025-12-02 10:52:19] - Run 55 of 100
INFO  [2025-12-02 10:52:19] --- Used 0.1 seconds. Est. time remaining: 6.34 seconds
INFO  [2025-12-02 10:52:19] - Run 56 of 100
INFO  [2025-12-02 10:52:19] --- Used 0.07 seconds. Est. time remaining: 6.15 seconds
INFO  [2025-12-02 10:52:19] - Run 57 of 100
INFO  [2025-12-02 10:52:19] --- Used 0.08 seconds. Est. time remaining: 5.97 seconds
INFO  [2025-12-02 10:52:19] - Run 58 of 100
INFO  [2025-12-02 10:52:19] --- Used 0.07 seconds. Est. time remaining: 5.78 seconds
INFO  [2025-12-02 10:52:19] - Run 59 of 100
INFO  [2025-12-02 10:52:19] --- Used 0.09 seconds. Est. time remaining: 5.61 seconds
INFO  [2025-12-02 10:52:19] - Run 60 of 100
INFO  [2025-12-02 10:52:19] --- Used 0.07 seconds. Est. time remaining: 5.43 seconds
INFO  [2025-12-02 10:52:19] - Run 61 of 100
INFO  [2025-12-02 10:52:19] --- Used 0.13 seconds. Est. time remaining: 5.29 seconds
INFO  [2025-12-02 10:52:19] - Run 62 of 100
INFO  [2025-12-02 10:52:20] --- Used 0.34 seconds. Est. time remaining: 5.28 seconds
INFO  [2025-12-02 10:52:20] - Run 63 of 100
INFO  [2025-12-02 10:52:20] --- Used 0.09 seconds. Est. time remaining: 5.11 seconds
INFO  [2025-12-02 10:52:20] - Run 64 of 100
INFO  [2025-12-02 10:52:20] --- Used 0.13 seconds. Est. time remaining: 4.97 seconds
INFO  [2025-12-02 10:52:20] - Run 65 of 100
INFO  [2025-12-02 10:52:20] --- Used 0.07 seconds. Est. time remaining: 4.79 seconds
INFO  [2025-12-02 10:52:20] - Run 66 of 100
INFO  [2025-12-02 10:52:20] --- Used 0.07 seconds. Est. time remaining: 4.62 seconds
INFO  [2025-12-02 10:52:20] - Run 67 of 100
INFO  [2025-12-02 10:52:20] --- Used 0.07 seconds. Est. time remaining: 4.45 seconds
INFO  [2025-12-02 10:52:20] - Run 68 of 100
INFO  [2025-12-02 10:52:20] --- Used 0.07 seconds. Est. time remaining: 4.29 seconds
INFO  [2025-12-02 10:52:20] - Run 69 of 100
INFO  [2025-12-02 10:52:20] --- Used 0.14 seconds. Est. time remaining: 4.16 seconds
INFO  [2025-12-02 10:52:20] - Run 70 of 100
INFO  [2025-12-02 10:52:21] --- Used 0.33 seconds. Est. time remaining: 4.11 seconds
INFO  [2025-12-02 10:52:21] - Run 71 of 100
INFO  [2025-12-02 10:52:21] --- Used 0.09 seconds. Est. time remaining: 3.95 seconds
INFO  [2025-12-02 10:52:21] - Run 72 of 100
INFO  [2025-12-02 10:52:21] --- Used 0.08 seconds. Est. time remaining: 3.8 seconds
INFO  [2025-12-02 10:52:21] - Run 73 of 100
INFO  [2025-12-02 10:52:21] --- Used 0.12 seconds. Est. time remaining: 3.66 seconds
INFO  [2025-12-02 10:52:21] - Run 74 of 100
INFO  [2025-12-02 10:52:21] --- Used 0.07 seconds. Est. time remaining: 3.5 seconds
INFO  [2025-12-02 10:52:21] - Run 75 of 100
INFO  [2025-12-02 10:52:21] --- Used 0.07 seconds. Est. time remaining: 3.34 seconds
INFO  [2025-12-02 10:52:21] - Run 76 of 100
INFO  [2025-12-02 10:52:21] --- Used 0.07 seconds. Est. time remaining: 3.19 seconds
INFO  [2025-12-02 10:52:21] - Run 77 of 100
INFO  [2025-12-02 10:52:21] --- Used 0.07 seconds. Est. time remaining: 3.04 seconds
INFO  [2025-12-02 10:52:21] - Run 78 of 100
INFO  [2025-12-02 10:52:22] --- Used 0.82 seconds. Est. time remaining: 3.1 seconds
INFO  [2025-12-02 10:52:22] - Run 79 of 100
INFO  [2025-12-02 10:52:22] --- Used 0.09 seconds. Est. time remaining: 2.95 seconds
INFO  [2025-12-02 10:52:22] - Run 80 of 100
INFO  [2025-12-02 10:52:22] --- Used 0.1 seconds. Est. time remaining: 2.8 seconds
INFO  [2025-12-02 10:52:22] - Run 81 of 100
INFO  [2025-12-02 10:52:22] --- Used 0.14 seconds. Est. time remaining: 2.66 seconds
INFO  [2025-12-02 10:52:22] - Run 82 of 100
INFO  [2025-12-02 10:52:23] --- Used 0.34 seconds. Est. time remaining: 2.56 seconds
INFO  [2025-12-02 10:52:23] - Run 83 of 100
INFO  [2025-12-02 10:52:23] --- Used 0.12 seconds. Est. time remaining: 2.41 seconds
INFO  [2025-12-02 10:52:23] - Run 84 of 100
INFO  [2025-12-02 10:52:23] --- Used 0.07 seconds. Est. time remaining: 2.26 seconds
INFO  [2025-12-02 10:52:23] - Run 85 of 100
INFO  [2025-12-02 10:52:23] --- Used 0.07 seconds. Est. time remaining: 2.1 seconds
INFO  [2025-12-02 10:52:23] - Run 86 of 100
INFO  [2025-12-02 10:52:23] --- Used 0.07 seconds. Est. time remaining: 1.95 seconds
INFO  [2025-12-02 10:52:23] - Run 87 of 100
INFO  [2025-12-02 10:52:23] --- Used 0.09 seconds. Est. time remaining: 1.81 seconds
INFO  [2025-12-02 10:52:23] - Run 88 of 100
INFO  [2025-12-02 10:52:23] --- Used 0.07 seconds. Est. time remaining: 1.66 seconds
INFO  [2025-12-02 10:52:23] - Run 89 of 100
INFO  [2025-12-02 10:52:23] --- Used 0.07 seconds. Est. time remaining: 1.51 seconds
INFO  [2025-12-02 10:52:23] - Run 90 of 100
INFO  [2025-12-02 10:52:23] --- Used 0.12 seconds. Est. time remaining: 1.37 seconds
INFO  [2025-12-02 10:52:23] - Run 91 of 100
INFO  [2025-12-02 10:52:24] --- Used 0.35 seconds. Est. time remaining: 1.26 seconds
INFO  [2025-12-02 10:52:24] - Run 92 of 100
INFO  [2025-12-02 10:52:24] --- Used 0.11 seconds. Est. time remaining: 1.11 seconds
INFO  [2025-12-02 10:52:24] - Run 93 of 100
INFO  [2025-12-02 10:52:24] --- Used 0.07 seconds. Est. time remaining: 0.97 seconds
INFO  [2025-12-02 10:52:24] - Run 94 of 100
INFO  [2025-12-02 10:52:24] --- Used 0.07 seconds. Est. time remaining: 0.83 seconds
INFO  [2025-12-02 10:52:24] - Run 95 of 100
INFO  [2025-12-02 10:52:24] --- Used 0.08 seconds. Est. time remaining: 0.69 seconds
INFO  [2025-12-02 10:52:24] - Run 96 of 100
INFO  [2025-12-02 10:52:24] --- Used 0.07 seconds. Est. time remaining: 0.55 seconds
INFO  [2025-12-02 10:52:24] - Run 97 of 100
INFO  [2025-12-02 10:52:24] --- Used 0.09 seconds. Est. time remaining: 0.41 seconds
INFO  [2025-12-02 10:52:24] - Run 98 of 100
INFO  [2025-12-02 10:52:24] --- Used 0.06 seconds. Est. time remaining: 0.27 seconds
INFO  [2025-12-02 10:52:24] - Run 99 of 100
INFO  [2025-12-02 10:52:25] --- Used 0.43 seconds. Est. time remaining: 0.14 seconds
INFO  [2025-12-02 10:52:25] - Run 100 of 100
INFO  [2025-12-02 10:52:25] --- Used 0.09 seconds. Est. time remaining: 0 seconds
INFO  [2025-12-02 10:52:25] Calculating percentiles for score and loading
INFO  [2025-12-02 10:52:25] ==== ALASCA has finished ====
INFO  [2025-12-02 10:52:25] To visualize the model, try `plot(<object>, effect = 1, component = 1, type = 'effect')`
INFO  [2025-12-02 10:52:46] Scree plot. Selected effect (nr 1): `timepoint+timepoint:treatment+treatment`. Component: 1 and 2 and 3 and 4 and 5 and 6 and 7 and 8 and 9 and 10.
INFO  [2025-12-02 10:54:14] Effect plot. Selected effect (nr 1): `timepoint+timepoint:treatment+treatment`. Component: 1.
WARN  [2025-12-02 10:54:14] Showing 20 of 185 variables. Adjust the number with `n_limit`
INFO  [2025-12-02 10:54:57] Effect plot. Selected effect (nr 1): `timepoint+timepoint:treatment+treatment`. Component: 1.
WARN  [2025-12-02 10:54:57] Showing 20 of 185 variables. Adjust the number with `n_limit`
INFO  [2025-12-02 10:55:14] Prediction plot. Selected effect (nr 1): `timepoint+timepoint:treatment+treatment`. Component: 1.
INFO  [2025-12-02 10:55:14] Selecting the 5 variables with highest/lowest loading on `timepoint+timepoint:treatment+treatment` (PC1). Use `variable` to specify variables to plot
INFO  [2025-12-02 10:55:36] Loadings for effect number 1 and principal component(s) 1
INFO  [2025-12-02 10:56:27] Effect plot. Selected effect (nr 1): `timepoint+timepoint:treatment+treatment`. Component: 2.
WARN  [2025-12-02 10:56:27] Showing 20 of 185 variables. Adjust the number with `n_limit`
INFO  [2025-12-02 10:56:53] Prediction plot. Selected effect (nr 1): `timepoint+timepoint:treatment+treatment`. Component: 2.
INFO  [2025-12-02 10:56:53] Selecting the 5 variables with highest/lowest loading on `timepoint+timepoint:treatment+treatment` (PC2). Use `variable` to specify variables to plot
INFO  [2025-12-02 10:57:11] Loadings for effect number 1 and principal component(s) 2
INFO  [2025-12-02 10:57:56] Effect plot. Selected effect (nr 1): `timepoint+timepoint:treatment+treatment`. Component: 3.
WARN  [2025-12-02 10:57:56] Showing 20 of 185 variables. Adjust the number with `n_limit`
INFO  [2025-12-02 10:58:15] Prediction plot. Selected effect (nr 1): `timepoint+timepoint:treatment+treatment`. Component: 3.
INFO  [2025-12-02 10:58:15] Selecting the 5 variables with highest/lowest loading on `timepoint+timepoint:treatment+treatment` (PC3). Use `variable` to specify variables to plot
INFO  [2025-12-02 10:58:37] Loadings for effect number 1 and principal component(s) 3
INFO  [2025-12-02 12:17:57] Effect plot. Selected effect (nr 1): `timepoint+timepoint:treatment+treatment`. Component: 1.
WARN  [2025-12-02 12:17:57] Showing 20 of 185 variables. Adjust the number with `n_limit`
INFO  [2025-12-02 12:18:02] Prediction plot. Selected effect (nr 1): `timepoint+timepoint:treatment+treatment`. Component: 1.
INFO  [2025-12-02 12:18:02] Selecting the 5 variables with highest/lowest loading on `timepoint+timepoint:treatment+treatment` (PC1). Use `variable` to specify variables to plot
INFO  [2025-12-02 12:18:07] Effect plot. Selected effect (nr 1): `timepoint+timepoint:treatment+treatment`. Component: 2.
WARN  [2025-12-02 12:18:07] Showing 20 of 185 variables. Adjust the number with `n_limit`
INFO  [2025-12-02 12:18:11] Prediction plot. Selected effect (nr 1): `timepoint+timepoint:treatment+treatment`. Component: 2.
INFO  [2025-12-02 12:18:11] Selecting the 5 variables with highest/lowest loading on `timepoint+timepoint:treatment+treatment` (PC2). Use `variable` to specify variables to plot
INFO  [2025-12-02 12:18:17] Effect plot. Selected effect (nr 1): `timepoint+timepoint:treatment+treatment`. Component: 3.
WARN  [2025-12-02 12:18:17] Showing 20 of 185 variables. Adjust the number with `n_limit`
INFO  [2025-12-02 12:18:26] Prediction plot. Selected effect (nr 1): `timepoint+timepoint:treatment+treatment`. Component: 3.
INFO  [2025-12-02 12:18:26] Selecting the 5 variables with highest/lowest loading on `timepoint+timepoint:treatment+treatment` (PC3). Use `variable` to specify variables to plot
