INFO  [2025-11-25 10:41:30] Initializing ALASCA (v1.0.17, 2024-09-13)
WARN  [2025-11-25 10:41:30] Guessing effects: `day+day:treatment+treatment`
INFO  [2025-11-25 10:41:30] Will use linear mixed models!
INFO  [2025-11-25 10:41:30] Will use Rfast!
WARN  [2025-11-25 10:41:30] Converting IDs to integer values
WARN  [2025-11-25 10:41:30] The `day` column is used for stratification
INFO  [2025-11-25 10:41:30] Scaling data with sdall ...
INFO  [2025-11-25 10:41:30] Calculating LMM coefficients
INFO  [2025-11-25 10:41:30] Reducing the number of dimensions with PCA
INFO  [2025-11-25 10:41:30] Keeping 47 components from initial PCA, explaining 95.02 % of variation. The limit can be changed with `reduce_dimensions.limit`
INFO  [2025-11-25 10:41:30] -> Finished the reduction of dimensions!
WARN  [2025-11-25 10:41:30] Keeping 20 of 47 components. Change `max_PC` if necessary.
INFO  [2025-11-25 10:41:30] Starting validation: bootstrap
INFO  [2025-11-25 10:41:30] - Run 1 of 100
INFO  [2025-11-25 10:41:31] --- Used 0.91 seconds. Est. time remaining: 91.25 seconds
INFO  [2025-11-25 10:41:31] - Run 2 of 100
INFO  [2025-11-25 10:41:32] --- Used 0.39 seconds. Est. time remaining: 64.57 seconds
INFO  [2025-11-25 10:41:32] - Run 3 of 100
INFO  [2025-11-25 10:41:32] --- Used 0.47 seconds. Est. time remaining: 57.96 seconds
INFO  [2025-11-25 10:41:32] - Run 4 of 100
INFO  [2025-11-25 10:41:32] --- Used 0.2 seconds. Est. time remaining: 47.96 seconds
INFO  [2025-11-25 10:41:32] - Run 5 of 100
INFO  [2025-11-25 10:41:33] --- Used 0.22 seconds. Est. time remaining: 42.1 seconds
INFO  [2025-11-25 10:41:33] - Run 6 of 100
INFO  [2025-11-25 10:41:33] --- Used 0.58 seconds. Est. time remaining: 43.87 seconds
INFO  [2025-11-25 10:41:33] - Run 7 of 100
INFO  [2025-11-25 10:41:33] --- Used 0.2 seconds. Est. time remaining: 39.83 seconds
INFO  [2025-11-25 10:41:33] - Run 8 of 100
INFO  [2025-11-25 10:41:34] --- Used 0.2 seconds. Est. time remaining: 36.74 seconds
INFO  [2025-11-25 10:41:34] - Run 9 of 100
INFO  [2025-11-25 10:41:34] --- Used 0.21 seconds. Est. time remaining: 34.45 seconds
INFO  [2025-11-25 10:41:34] - Run 10 of 100
INFO  [2025-11-25 10:41:34] --- Used 0.4 seconds. Est. time remaining: 34.27 seconds
INFO  [2025-11-25 10:41:34] - Run 11 of 100
INFO  [2025-11-25 10:41:34] --- Used 0.2 seconds. Est. time remaining: 32.45 seconds
INFO  [2025-11-25 10:41:34] - Run 12 of 100
INFO  [2025-11-25 10:41:35] --- Used 0.17 seconds. Est. time remaining: 30.69 seconds
INFO  [2025-11-25 10:41:35] - Run 13 of 100
INFO  [2025-11-25 10:41:35] --- Used 0.16 seconds. Est. time remaining: 29.07 seconds
INFO  [2025-11-25 10:41:35] - Run 14 of 100
INFO  [2025-11-25 10:41:35] --- Used 0.44 seconds. Est. time remaining: 29.41 seconds
INFO  [2025-11-25 10:41:35] - Run 15 of 100
INFO  [2025-11-25 10:41:35] --- Used 0.18 seconds. Est. time remaining: 28.16 seconds
INFO  [2025-11-25 10:41:35] - Run 16 of 100
INFO  [2025-11-25 10:41:36] --- Used 0.78 seconds. Est. time remaining: 30.17 seconds
INFO  [2025-11-25 10:41:36] - Run 17 of 100
INFO  [2025-11-25 10:41:36] --- Used 0.17 seconds. Est. time remaining: 28.88 seconds
INFO  [2025-11-25 10:41:36] - Run 18 of 100
INFO  [2025-11-25 10:41:36] --- Used 0.22 seconds. Est. time remaining: 27.96 seconds
INFO  [2025-11-25 10:41:36] - Run 19 of 100
INFO  [2025-11-25 10:41:37] --- Used 0.16 seconds. Est. time remaining: 26.86 seconds
INFO  [2025-11-25 10:41:37] - Run 20 of 100
INFO  [2025-11-25 10:41:37] --- Used 0.23 seconds. Est. time remaining: 26.11 seconds
INFO  [2025-11-25 10:41:37] - Run 21 of 100
INFO  [2025-11-25 10:41:37] --- Used 0.44 seconds. Est. time remaining: 26.23 seconds
INFO  [2025-11-25 10:41:37] - Run 22 of 100
INFO  [2025-11-25 10:41:37] --- Used 0.19 seconds. Est. time remaining: 25.38 seconds
INFO  [2025-11-25 10:41:37] - Run 23 of 100
INFO  [2025-11-25 10:41:38] --- Used 0.16 seconds. Est. time remaining: 24.5 seconds
INFO  [2025-11-25 10:41:38] - Run 24 of 100
INFO  [2025-11-25 10:41:38] --- Used 0.15 seconds. Est. time remaining: 23.65 seconds
INFO  [2025-11-25 10:41:38] - Run 25 of 100
INFO  [2025-11-25 10:41:38] --- Used 0.15 seconds. Est. time remaining: 22.86 seconds
INFO  [2025-11-25 10:41:38] - Run 26 of 100
INFO  [2025-11-25 10:41:38] --- Used 0.14 seconds. Est. time remaining: 22.08 seconds
INFO  [2025-11-25 10:41:38] - Run 27 of 100
INFO  [2025-11-25 10:41:38] --- Used 0.15 seconds. Est. time remaining: 21.39 seconds
INFO  [2025-11-25 10:41:38] - Run 28 of 100
INFO  [2025-11-25 10:41:38] --- Used 0.17 seconds. Est. time remaining: 20.77 seconds
INFO  [2025-11-25 10:41:38] - Run 29 of 100
INFO  [2025-11-25 10:41:39] --- Used 0.54 seconds. Est. time remaining: 21.11 seconds
INFO  [2025-11-25 10:41:39] - Run 30 of 100
INFO  [2025-11-25 10:41:39] --- Used 0.18 seconds. Est. time remaining: 20.55 seconds
INFO  [2025-11-25 10:41:39] - Run 31 of 100
INFO  [2025-11-25 10:41:39] --- Used 0.19 seconds. Est. time remaining: 20.02 seconds
INFO  [2025-11-25 10:41:39] - Run 32 of 100
INFO  [2025-11-25 10:41:39] --- Used 0.16 seconds. Est. time remaining: 19.45 seconds
INFO  [2025-11-25 10:41:39] - Run 33 of 100
INFO  [2025-11-25 10:41:40] --- Used 0.52 seconds. Est. time remaining: 19.63 seconds
INFO  [2025-11-25 10:41:40] - Run 34 of 100
INFO  [2025-11-25 10:41:40] --- Used 0.16 seconds. Est. time remaining: 19.08 seconds
INFO  [2025-11-25 10:41:40] - Run 35 of 100
INFO  [2025-11-25 10:41:40] --- Used 0.28 seconds. Est. time remaining: 18.78 seconds
INFO  [2025-11-25 10:41:40] - Run 36 of 100
INFO  [2025-11-25 10:41:41] --- Used 0.15 seconds. Est. time remaining: 18.24 seconds
INFO  [2025-11-25 10:41:41] - Run 37 of 100
INFO  [2025-11-25 10:41:41] --- Used 0.55 seconds. Est. time remaining: 18.41 seconds
INFO  [2025-11-25 10:41:41] - Run 38 of 100
INFO  [2025-11-25 10:41:41] --- Used 0.17 seconds. Est. time remaining: 17.93 seconds
INFO  [2025-11-25 10:41:41] - Run 39 of 100
INFO  [2025-11-25 10:41:42] --- Used 0.19 seconds. Est. time remaining: 17.48 seconds
INFO  [2025-11-25 10:41:42] - Run 40 of 100
INFO  [2025-11-25 10:41:42] --- Used 0.21 seconds. Est. time remaining: 17.08 seconds
INFO  [2025-11-25 10:41:42] - Run 41 of 100
INFO  [2025-11-25 10:41:42] --- Used 0.45 seconds. Est. time remaining: 17.04 seconds
INFO  [2025-11-25 10:41:42] - Run 42 of 100
INFO  [2025-11-25 10:41:42] --- Used 0.18 seconds. Est. time remaining: 16.6 seconds
INFO  [2025-11-25 10:41:42] - Run 43 of 100
INFO  [2025-11-25 10:41:43] --- Used 0.27 seconds. Est. time remaining: 16.29 seconds
INFO  [2025-11-25 10:41:43] - Run 44 of 100
INFO  [2025-11-25 10:41:43] --- Used 0.46 seconds. Est. time remaining: 16.22 seconds
INFO  [2025-11-25 10:41:43] - Run 45 of 100
INFO  [2025-11-25 10:41:43] --- Used 0.19 seconds. Est. time remaining: 15.81 seconds
INFO  [2025-11-25 10:41:43] - Run 46 of 100
INFO  [2025-11-25 10:41:43] --- Used 0.16 seconds. Est. time remaining: 15.38 seconds
INFO  [2025-11-25 10:41:43] - Run 47 of 100
INFO  [2025-11-25 10:41:44] --- Used 0.17 seconds. Est. time remaining: 14.97 seconds
INFO  [2025-11-25 10:41:44] - Run 48 of 100
INFO  [2025-11-25 10:41:44] --- Used 0.44 seconds. Est. time remaining: 14.86 seconds
INFO  [2025-11-25 10:41:44] - Run 49 of 100
INFO  [2025-11-25 10:41:44] --- Used 0.18 seconds. Est. time remaining: 14.47 seconds
INFO  [2025-11-25 10:41:44] - Run 50 of 100
INFO  [2025-11-25 10:41:44] --- Used 0.15 seconds. Est. time remaining: 14.05 seconds
INFO  [2025-11-25 10:41:44] - Run 51 of 100
INFO  [2025-11-25 10:41:45] --- Used 0.18 seconds. Est. time remaining: 13.67 seconds
INFO  [2025-11-25 10:41:45] - Run 52 of 100
INFO  [2025-11-25 10:41:45] --- Used 0.15 seconds. Est. time remaining: 13.28 seconds
INFO  [2025-11-25 10:41:45] - Run 53 of 100
INFO  [2025-11-25 10:41:45] --- Used 0.5 seconds. Est. time remaining: 13.2 seconds
INFO  [2025-11-25 10:41:45] - Run 54 of 100
INFO  [2025-11-25 10:41:45] --- Used 0.21 seconds. Est. time remaining: 12.86 seconds
INFO  [2025-11-25 10:41:45] - Run 55 of 100
INFO  [2025-11-25 10:41:46] --- Used 0.18 seconds. Est. time remaining: 12.5 seconds
INFO  [2025-11-25 10:41:46] - Run 56 of 100
INFO  [2025-11-25 10:41:46] --- Used 0.47 seconds. Est. time remaining: 12.37 seconds
INFO  [2025-11-25 10:41:46] - Run 57 of 100
INFO  [2025-11-25 10:41:46] --- Used 0.17 seconds. Est. time remaining: 12.01 seconds
INFO  [2025-11-25 10:41:46] - Run 58 of 100
INFO  [2025-11-25 10:41:46] --- Used 0.17 seconds. Est. time remaining: 11.65 seconds
INFO  [2025-11-25 10:41:46] - Run 59 of 100
INFO  [2025-11-25 10:41:47] --- Used 0.16 seconds. Est. time remaining: 11.29 seconds
INFO  [2025-11-25 10:41:47] - Run 60 of 100
INFO  [2025-11-25 10:41:47] --- Used 0.15 seconds. Est. time remaining: 10.94 seconds
INFO  [2025-11-25 10:41:47] - Run 61 of 100
INFO  [2025-11-25 10:41:47] --- Used 0.53 seconds. Est. time remaining: 10.83 seconds
INFO  [2025-11-25 10:41:47] - Run 62 of 100
INFO  [2025-11-25 10:41:47] --- Used 0.19 seconds. Est. time remaining: 10.5 seconds
INFO  [2025-11-25 10:41:47] - Run 63 of 100
INFO  [2025-11-25 10:41:48] --- Used 0.14 seconds. Est. time remaining: 10.14 seconds
INFO  [2025-11-25 10:41:48] - Run 64 of 100
INFO  [2025-11-25 10:41:48] --- Used 0.22 seconds. Est. time remaining: 9.84 seconds
INFO  [2025-11-25 10:41:48] - Run 65 of 100
INFO  [2025-11-25 10:41:48] --- Used 0.43 seconds. Est. time remaining: 9.65 seconds
INFO  [2025-11-25 10:41:48] - Run 66 of 100
INFO  [2025-11-25 10:41:48] --- Used 0.21 seconds. Est. time remaining: 9.34 seconds
INFO  [2025-11-25 10:41:48] - Run 67 of 100
INFO  [2025-11-25 10:41:49] --- Used 0.16 seconds. Est. time remaining: 9.01 seconds
INFO  [2025-11-25 10:41:49] - Run 68 of 100
INFO  [2025-11-25 10:41:49] --- Used 0.23 seconds. Est. time remaining: 8.72 seconds
INFO  [2025-11-25 10:41:49] - Run 69 of 100
INFO  [2025-11-25 10:41:49] --- Used 0.24 seconds. Est. time remaining: 8.43 seconds
INFO  [2025-11-25 10:41:49] - Run 70 of 100
INFO  [2025-11-25 10:41:49] --- Used 0.18 seconds. Est. time remaining: 8.12 seconds
INFO  [2025-11-25 10:41:49] - Run 71 of 100
INFO  [2025-11-25 10:41:49] --- Used 0.17 seconds. Est. time remaining: 7.81 seconds
INFO  [2025-11-25 10:41:49] - Run 72 of 100
INFO  [2025-11-25 10:41:50] --- Used 0.52 seconds. Est. time remaining: 7.64 seconds
INFO  [2025-11-25 10:41:50] - Run 73 of 100
INFO  [2025-11-25 10:41:50] --- Used 0.22 seconds. Est. time remaining: 7.34 seconds
INFO  [2025-11-25 10:41:50] - Run 74 of 100
INFO  [2025-11-25 10:41:50] --- Used 0.18 seconds. Est. time remaining: 7.04 seconds
INFO  [2025-11-25 10:41:50] - Run 75 of 100
INFO  [2025-11-25 10:41:51] --- Used 0.22 seconds. Est. time remaining: 6.75 seconds
INFO  [2025-11-25 10:41:51] - Run 76 of 100
INFO  [2025-11-25 10:41:51] --- Used 0.56 seconds. Est. time remaining: 6.57 seconds
INFO  [2025-11-25 10:41:51] - Run 77 of 100
INFO  [2025-11-25 10:41:51] --- Used 0.2 seconds. Est. time remaining: 6.28 seconds
INFO  [2025-11-25 10:41:51] - Run 78 of 100
INFO  [2025-11-25 10:41:52] --- Used 0.19 seconds. Est. time remaining: 5.98 seconds
INFO  [2025-11-25 10:41:52] - Run 79 of 100
INFO  [2025-11-25 10:41:52] --- Used 0.49 seconds. Est. time remaining: 5.77 seconds
INFO  [2025-11-25 10:41:52] - Run 80 of 100
INFO  [2025-11-25 10:41:52] --- Used 0.26 seconds. Est. time remaining: 5.49 seconds
INFO  [2025-11-25 10:41:52] - Run 81 of 100
INFO  [2025-11-25 10:41:52] --- Used 0.19 seconds. Est. time remaining: 5.2 seconds
INFO  [2025-11-25 10:41:52] - Run 82 of 100
INFO  [2025-11-25 10:41:53] --- Used 0.18 seconds. Est. time remaining: 4.9 seconds
INFO  [2025-11-25 10:41:53] - Run 83 of 100
INFO  [2025-11-25 10:41:53] --- Used 0.22 seconds. Est. time remaining: 4.62 seconds
INFO  [2025-11-25 10:41:53] - Run 84 of 100
INFO  [2025-11-25 10:41:53] --- Used 0.16 seconds. Est. time remaining: 4.33 seconds
INFO  [2025-11-25 10:41:53] - Run 85 of 100
INFO  [2025-11-25 10:41:53] --- Used 0.14 seconds. Est. time remaining: 4.03 seconds
INFO  [2025-11-25 10:41:53] - Run 86 of 100
INFO  [2025-11-25 10:41:53] --- Used 0.17 seconds. Est. time remaining: 3.75 seconds
INFO  [2025-11-25 10:41:53] - Run 87 of 100
INFO  [2025-11-25 10:41:54] --- Used 0.21 seconds. Est. time remaining: 3.47 seconds
INFO  [2025-11-25 10:41:54] - Run 88 of 100
INFO  [2025-11-25 10:41:54] --- Used 0.55 seconds. Est. time remaining: 3.24 seconds
INFO  [2025-11-25 10:41:54] - Run 89 of 100
INFO  [2025-11-25 10:41:54] --- Used 0.16 seconds. Est. time remaining: 2.96 seconds
INFO  [2025-11-25 10:41:54] - Run 90 of 100
INFO  [2025-11-25 10:41:54] --- Used 0.19 seconds. Est. time remaining: 2.68 seconds
INFO  [2025-11-25 10:41:54] - Run 91 of 100
INFO  [2025-11-25 10:41:55] --- Used 0.17 seconds. Est. time remaining: 2.4 seconds
INFO  [2025-11-25 10:41:55] - Run 92 of 100
INFO  [2025-11-25 10:41:55] --- Used 0.56 seconds. Est. time remaining: 2.16 seconds
INFO  [2025-11-25 10:41:55] - Run 93 of 100
INFO  [2025-11-25 10:41:55] --- Used 0.23 seconds. Est. time remaining: 1.89 seconds
INFO  [2025-11-25 10:41:55] - Run 94 of 100
INFO  [2025-11-25 10:41:56] --- Used 0.21 seconds. Est. time remaining: 1.61 seconds
INFO  [2025-11-25 10:41:56] - Run 95 of 100
INFO  [2025-11-25 10:41:56] --- Used 0.54 seconds. Est. time remaining: 1.36 seconds
INFO  [2025-11-25 10:41:56] - Run 96 of 100
INFO  [2025-11-25 10:41:56] --- Used 0.16 seconds. Est. time remaining: 1.08 seconds
INFO  [2025-11-25 10:41:56] - Run 97 of 100
INFO  [2025-11-25 10:41:57] --- Used 0.2 seconds. Est. time remaining: 0.81 seconds
INFO  [2025-11-25 10:41:57] - Run 98 of 100
INFO  [2025-11-25 10:41:57] --- Used 0.79 seconds. Est. time remaining: 0.55 seconds
INFO  [2025-11-25 10:41:57] - Run 99 of 100
INFO  [2025-11-25 10:41:58] --- Used 0.77 seconds. Est. time remaining: 0.28 seconds
INFO  [2025-11-25 10:41:58] - Run 100 of 100
INFO  [2025-11-25 10:41:58] --- Used 0.15 seconds. Est. time remaining: 0 seconds
INFO  [2025-11-25 10:41:58] Calculating percentiles for score and loading
INFO  [2025-11-25 10:42:00] ==== ALASCA has finished ====
INFO  [2025-11-25 10:42:00] To visualize the model, try `plot(<object>, effect = 1, component = 1, type = 'effect')`
INFO  [2025-11-25 10:42:30] Scree plot. Selected effect (nr 1): `day+day:treatment+treatment`. Component: 1 and 2 and 3 and 4 and 5 and 6.
INFO  [2025-11-25 10:42:43] Scree plot. Selected effect (nr 1): `day+day:treatment+treatment`. Component: 1 and 2 and 3 and 4 and 5 and 6 and 7 and 8 and 9 and 10.
